[2.220s] Invoking command in '/home/rptech/AGX_Orin_Backup/rover_project/ros2_ws/build/rover_core': PYTHONPATH=/home/rptech/AGX_Orin_Backup/rover_project/ros2_ws/build/rover_core/prefix_override:/usr/lib/python3/dist-packages/colcon_core/task/python/colcon_distutils_commands:/home/rptech/AGX_Orin_Backup/rover_project/ros2_ws/install/rover_core/lib/python3.10/site-packages:${PYTHONPATH} /usr/bin/python3 -W ignore:setup.py install is deprecated -W ignore:easy_install command is deprecated setup.py develop --editable --build-directory /home/rptech/AGX_Orin_Backup/rover_project/ros2_ws/build/rover_core/build --no-deps symlink_data
[2.791s] running develop
[3.198s] running egg_info
[3.228s] creating rover_core.egg-info
[3.229s] writing rover_core.egg-info/PKG-INFO
[3.229s] writing dependency_links to rover_core.egg-info/dependency_links.txt
[3.230s] writing requirements to rover_core.egg-info/requires.txt
[3.230s] writing top-level names to rover_core.egg-info/top_level.txt
[3.230s] writing manifest file 'rover_core.egg-info/SOURCES.txt'
[3.295s] reading manifest file 'rover_core.egg-info/SOURCES.txt'
[3.296s] writing manifest file 'rover_core.egg-info/SOURCES.txt'
[3.417s] running build_ext
[3.417s] Creating /home/rptech/AGX_Orin_Backup/rover_project/ros2_ws/install/rover_core/lib/python3.10/site-packages/rover-core.egg-link (link to .)
[3.418s] 
[3.418s] Installed /home/rptech/AGX_Orin_Backup/rover_project/ros2_ws/build/rover_core
[3.419s] running symlink_data
[3.419s] creating /home/rptech/AGX_Orin_Backup/rover_project/ros2_ws/install/rover_core/share/ament_index/resource_index/packages
[3.419s] symbolically linking /home/rptech/AGX_Orin_Backup/rover_project/ros2_ws/build/rover_core/resource/rover_core -> /home/rptech/AGX_Orin_Backup/rover_project/ros2_ws/install/rover_core/share/ament_index/resource_index/packages
[3.419s] symbolically linking /home/rptech/AGX_Orin_Backup/rover_project/ros2_ws/build/rover_core/package.xml -> /home/rptech/AGX_Orin_Backup/rover_project/ros2_ws/install/rover_core/share/rover_core
[3.557s] Invoked command in '/home/rptech/AGX_Orin_Backup/rover_project/ros2_ws/build/rover_core' returned '0': PYTHONPATH=/home/rptech/AGX_Orin_Backup/rover_project/ros2_ws/build/rover_core/prefix_override:/usr/lib/python3/dist-packages/colcon_core/task/python/colcon_distutils_commands:/home/rptech/AGX_Orin_Backup/rover_project/ros2_ws/install/rover_core/lib/python3.10/site-packages:${PYTHONPATH} /usr/bin/python3 -W ignore:setup.py install is deprecated -W ignore:easy_install command is deprecated setup.py develop --editable --build-directory /home/rptech/AGX_Orin_Backup/rover_project/ros2_ws/build/rover_core/build --no-deps symlink_data
