[0.343s] DEBUG:colcon:Command line arguments: ['/usr/bin/colcon', 'build', '--symlink-install']
[0.343s] DEBUG:colcon:Parsed command line arguments: Namespace(log_base=None, log_level=None, verb_name='build', build_base='build', install_base='install', merge_install=False, symlink_install=True, test_result_base=None, continue_on_error=False, executor='parallel', parallel_workers=12, event_handlers=None, ignore_user_meta=False, metas=['./colcon.meta'], base_paths=['.'], packages_ignore=None, packages_ignore_regex=None, paths=None, packages_up_to=None, packages_up_to_regex=None, packages_above=None, packages_above_and_dependencies=None, packages_above_depth=None, packages_select_by_dep=None, packages_skip_by_dep=None, packages_skip_up_to=None, packages_select_build_failed=False, packages_skip_build_finished=False, packages_select_test_failures=False, packages_skip_test_passed=False, packages_select=None, packages_skip=None, packages_select_regex=None, packages_skip_regex=None, packages_start=None, packages_end=None, allow_overriding=[], cmake_args=None, cmake_target=None, cmake_target_skip_unavailable=False, cmake_clean_cache=False, cmake_clean_first=False, cmake_force_configure=False, ament_cmake_args=None, catkin_cmake_args=None, catkin_skip_building_tests=False, mixin_files=None, mixin=None, verb_parser=<colcon_mixin.mixin.mixin_argument.MixinArgumentDecorator object at 0xffffb43850f0>, verb_extension=<colcon_core.verb.build.BuildVerb object at 0xffffb4384a00>, main=<bound method BuildVerb.main of <colcon_core.verb.build.BuildVerb object at 0xffffb4384a00>>, mixin_verb=('build',))
[0.424s] Level 1:colcon.colcon_core.package_discovery:discover_packages(colcon_meta) check parameters
[0.424s] Level 1:colcon.colcon_core.package_discovery:discover_packages(recursive) check parameters
[0.425s] Level 1:colcon.colcon_core.package_discovery:discover_packages(ignore) check parameters
[0.425s] Level 1:colcon.colcon_core.package_discovery:discover_packages(path) check parameters
[0.425s] Level 1:colcon.colcon_core.package_discovery:discover_packages(colcon_meta) discover
[0.425s] Level 1:colcon.colcon_core.package_discovery:discover_packages(recursive) discover
[0.425s] INFO:colcon.colcon_core.package_discovery:Crawling recursively for packages in '/home/rptech/AGX_Orin_Backup/rover_project/ros2_ws'
[0.425s] Level 1:colcon.colcon_core.package_identification:_identify(.) by extensions ['ignore', 'ignore_ament_install']
[0.425s] Level 1:colcon.colcon_core.package_identification:_identify(.) by extension 'ignore'
[0.425s] Level 1:colcon.colcon_core.package_identification:_identify(.) by extension 'ignore_ament_install'
[0.425s] Level 1:colcon.colcon_core.package_identification:_identify(.) by extensions ['colcon_pkg']
[0.425s] Level 1:colcon.colcon_core.package_identification:_identify(.) by extension 'colcon_pkg'
[0.426s] Level 1:colcon.colcon_core.package_identification:_identify(.) by extensions ['colcon_meta']
[0.426s] Level 1:colcon.colcon_core.package_identification:_identify(.) by extension 'colcon_meta'
[0.426s] Level 1:colcon.colcon_core.package_identification:_identify(.) by extensions ['ros']
[0.426s] Level 1:colcon.colcon_core.package_identification:_identify(.) by extension 'ros'
[0.474s] Level 1:colcon.colcon_core.package_identification:_identify(.) by extensions ['cmake', 'python']
[0.474s] Level 1:colcon.colcon_core.package_identification:_identify(.) by extension 'cmake'
[0.474s] Level 1:colcon.colcon_core.package_identification:_identify(.) by extension 'python'
[0.474s] Level 1:colcon.colcon_core.package_identification:_identify(.) by extensions ['python_setup_py']
[0.474s] Level 1:colcon.colcon_core.package_identification:_identify(.) by extension 'python_setup_py'
[0.474s] Level 1:colcon.colcon_core.package_identification:_identify(build) by extensions ['ignore', 'ignore_ament_install']
[0.474s] Level 1:colcon.colcon_core.package_identification:_identify(build) by extension 'ignore'
[0.475s] Level 1:colcon.colcon_core.package_identification:_identify(build) ignored
[0.475s] Level 1:colcon.colcon_core.package_identification:_identify(install) by extensions ['ignore', 'ignore_ament_install']
[0.475s] Level 1:colcon.colcon_core.package_identification:_identify(install) by extension 'ignore'
[0.475s] Level 1:colcon.colcon_core.package_identification:_identify(install) ignored
[0.475s] Level 1:colcon.colcon_core.package_identification:_identify(log) by extensions ['ignore', 'ignore_ament_install']
[0.475s] Level 1:colcon.colcon_core.package_identification:_identify(log) by extension 'ignore'
[0.475s] Level 1:colcon.colcon_core.package_identification:_identify(log) ignored
[0.476s] Level 1:colcon.colcon_core.package_identification:_identify(src) by extensions ['ignore', 'ignore_ament_install']
[0.476s] Level 1:colcon.colcon_core.package_identification:_identify(src) by extension 'ignore'
[0.476s] Level 1:colcon.colcon_core.package_identification:_identify(src) by extension 'ignore_ament_install'
[0.476s] Level 1:colcon.colcon_core.package_identification:_identify(src) by extensions ['colcon_pkg']
[0.476s] Level 1:colcon.colcon_core.package_identification:_identify(src) by extension 'colcon_pkg'
[0.476s] Level 1:colcon.colcon_core.package_identification:_identify(src) by extensions ['colcon_meta']
[0.476s] Level 1:colcon.colcon_core.package_identification:_identify(src) by extension 'colcon_meta'
[0.476s] Level 1:colcon.colcon_core.package_identification:_identify(src) by extensions ['ros']
[0.476s] Level 1:colcon.colcon_core.package_identification:_identify(src) by extension 'ros'
[0.476s] Level 1:colcon.colcon_core.package_identification:_identify(src) by extensions ['cmake', 'python']
[0.476s] Level 1:colcon.colcon_core.package_identification:_identify(src) by extension 'cmake'
[0.476s] Level 1:colcon.colcon_core.package_identification:_identify(src) by extension 'python'
[0.476s] Level 1:colcon.colcon_core.package_identification:_identify(src) by extensions ['python_setup_py']
[0.477s] Level 1:colcon.colcon_core.package_identification:_identify(src) by extension 'python_setup_py'
[0.477s] Level 1:colcon.colcon_core.package_identification:_identify(src/my_robot_bringup) by extensions ['ignore', 'ignore_ament_install']
[0.477s] Level 1:colcon.colcon_core.package_identification:_identify(src/my_robot_bringup) by extension 'ignore'
[0.477s] Level 1:colcon.colcon_core.package_identification:_identify(src/my_robot_bringup) by extension 'ignore_ament_install'
[0.477s] Level 1:colcon.colcon_core.package_identification:_identify(src/my_robot_bringup) by extensions ['colcon_pkg']
[0.477s] Level 1:colcon.colcon_core.package_identification:_identify(src/my_robot_bringup) by extension 'colcon_pkg'
[0.477s] Level 1:colcon.colcon_core.package_identification:_identify(src/my_robot_bringup) by extensions ['colcon_meta']
[0.477s] Level 1:colcon.colcon_core.package_identification:_identify(src/my_robot_bringup) by extension 'colcon_meta'
[0.477s] Level 1:colcon.colcon_core.package_identification:_identify(src/my_robot_bringup) by extensions ['ros']
[0.477s] Level 1:colcon.colcon_core.package_identification:_identify(src/my_robot_bringup) by extension 'ros'
[0.481s] DEBUG:colcon.colcon_core.package_identification:Package 'src/my_robot_bringup' with type 'ros.ament_python' and name 'my_robot_bringup'
[0.481s] Level 1:colcon.colcon_core.package_identification:_identify(src/rover_core) by extensions ['ignore', 'ignore_ament_install']
[0.482s] Level 1:colcon.colcon_core.package_identification:_identify(src/rover_core) by extension 'ignore'
[0.482s] Level 1:colcon.colcon_core.package_identification:_identify(src/rover_core) by extension 'ignore_ament_install'
[0.482s] Level 1:colcon.colcon_core.package_identification:_identify(src/rover_core) by extensions ['colcon_pkg']
[0.482s] Level 1:colcon.colcon_core.package_identification:_identify(src/rover_core) by extension 'colcon_pkg'
[0.482s] Level 1:colcon.colcon_core.package_identification:_identify(src/rover_core) by extensions ['colcon_meta']
[0.482s] Level 1:colcon.colcon_core.package_identification:_identify(src/rover_core) by extension 'colcon_meta'
[0.482s] Level 1:colcon.colcon_core.package_identification:_identify(src/rover_core) by extensions ['ros']
[0.482s] Level 1:colcon.colcon_core.package_identification:_identify(src/rover_core) by extension 'ros'
[0.483s] DEBUG:colcon.colcon_core.package_identification:Package 'src/rover_core' with type 'ros.ament_python' and name 'rover_core'
[0.484s] Level 1:colcon.colcon_core.package_identification:_identify(src/rover_description) by extensions ['ignore', 'ignore_ament_install']
[0.484s] Level 1:colcon.colcon_core.package_identification:_identify(src/rover_description) by extension 'ignore'
[0.484s] Level 1:colcon.colcon_core.package_identification:_identify(src/rover_description) by extension 'ignore_ament_install'
[0.484s] Level 1:colcon.colcon_core.package_identification:_identify(src/rover_description) by extensions ['colcon_pkg']
[0.484s] Level 1:colcon.colcon_core.package_identification:_identify(src/rover_description) by extension 'colcon_pkg'
[0.484s] Level 1:colcon.colcon_core.package_identification:_identify(src/rover_description) by extensions ['colcon_meta']
[0.484s] Level 1:colcon.colcon_core.package_identification:_identify(src/rover_description) by extension 'colcon_meta'
[0.484s] Level 1:colcon.colcon_core.package_identification:_identify(src/rover_description) by extensions ['ros']
[0.484s] Level 1:colcon.colcon_core.package_identification:_identify(src/rover_description) by extension 'ros'
[0.485s] DEBUG:colcon.colcon_core.package_identification:Package 'src/rover_description' with type 'ros.ament_python' and name 'rover_description'
[0.485s] Level 1:colcon.colcon_core.package_identification:_identify(src/rplidar_ros) by extensions ['ignore', 'ignore_ament_install']
[0.485s] Level 1:colcon.colcon_core.package_identification:_identify(src/rplidar_ros) by extension 'ignore'
[0.485s] Level 1:colcon.colcon_core.package_identification:_identify(src/rplidar_ros) by extension 'ignore_ament_install'
[0.485s] Level 1:colcon.colcon_core.package_identification:_identify(src/rplidar_ros) by extensions ['colcon_pkg']
[0.485s] Level 1:colcon.colcon_core.package_identification:_identify(src/rplidar_ros) by extension 'colcon_pkg'
[0.485s] Level 1:colcon.colcon_core.package_identification:_identify(src/rplidar_ros) by extensions ['colcon_meta']
[0.485s] Level 1:colcon.colcon_core.package_identification:_identify(src/rplidar_ros) by extension 'colcon_meta'
[0.486s] Level 1:colcon.colcon_core.package_identification:_identify(src/rplidar_ros) by extensions ['ros']
[0.486s] Level 1:colcon.colcon_core.package_identification:_identify(src/rplidar_ros) by extension 'ros'
[0.487s] DEBUG:colcon.colcon_core.package_identification:Package 'src/rplidar_ros' with type 'ros.ament_cmake' and name 'rplidar_ros'
[0.487s] Level 1:colcon.colcon_core.package_identification:_identify(src/sllidar_ros2) by extensions ['ignore', 'ignore_ament_install']
[0.487s] Level 1:colcon.colcon_core.package_identification:_identify(src/sllidar_ros2) by extension 'ignore'
[0.487s] Level 1:colcon.colcon_core.package_identification:_identify(src/sllidar_ros2) by extension 'ignore_ament_install'
[0.487s] Level 1:colcon.colcon_core.package_identification:_identify(src/sllidar_ros2) by extensions ['colcon_pkg']
[0.487s] Level 1:colcon.colcon_core.package_identification:_identify(src/sllidar_ros2) by extension 'colcon_pkg'
[0.487s] Level 1:colcon.colcon_core.package_identification:_identify(src/sllidar_ros2) by extensions ['colcon_meta']
[0.487s] Level 1:colcon.colcon_core.package_identification:_identify(src/sllidar_ros2) by extension 'colcon_meta'
[0.487s] Level 1:colcon.colcon_core.package_identification:_identify(src/sllidar_ros2) by extensions ['ros']
[0.487s] Level 1:colcon.colcon_core.package_identification:_identify(src/sllidar_ros2) by extension 'ros'
[0.488s] DEBUG:colcon.colcon_core.package_identification:Package 'src/sllidar_ros2' with type 'ros.ament_cmake' and name 'sllidar_ros2'
[0.489s] Level 1:colcon.colcon_core.package_discovery:discover_packages(recursive) using defaults
[0.489s] Level 1:colcon.colcon_core.package_discovery:discover_packages(ignore) discover
[0.489s] Level 1:colcon.colcon_core.package_discovery:discover_packages(ignore) using defaults
[0.489s] Level 1:colcon.colcon_core.package_discovery:discover_packages(path) discover
[0.489s] Level 1:colcon.colcon_core.package_discovery:discover_packages(path) using defaults
[0.524s] Level 1:colcon.colcon_core.package_discovery:discover_packages(prefix_path) check parameters
[0.524s] Level 1:colcon.colcon_core.package_discovery:discover_packages(prefix_path) discover
[0.529s] DEBUG:colcon.colcon_installed_package_information.package_discovery:Found 5 installed packages in /home/rptech/AGX_Orin_Backup/rover_project/ros2_ws/install
[0.529s] DEBUG:colcon.colcon_installed_package_information.package_discovery:Found 3 installed packages in /home/rptech/microros_ws/install
[0.531s] DEBUG:colcon.colcon_installed_package_information.package_discovery:Found 320 installed packages in /opt/ros/humble
[0.533s] Level 1:colcon.colcon_core.package_discovery:discover_packages(prefix_path) using defaults
[0.616s] Level 5:colcon.colcon_core.verb:set package 'my_robot_bringup' build argument 'cmake_args' from command line to 'None'
[0.616s] Level 5:colcon.colcon_core.verb:set package 'my_robot_bringup' build argument 'cmake_target' from command line to 'None'
[0.616s] Level 5:colcon.colcon_core.verb:set package 'my_robot_bringup' build argument 'cmake_target_skip_unavailable' from command line to 'False'
[0.616s] Level 5:colcon.colcon_core.verb:set package 'my_robot_bringup' build argument 'cmake_clean_cache' from command line to 'False'
[0.616s] Level 5:colcon.colcon_core.verb:set package 'my_robot_bringup' build argument 'cmake_clean_first' from command line to 'False'
[0.616s] Level 5:colcon.colcon_core.verb:set package 'my_robot_bringup' build argument 'cmake_force_configure' from command line to 'False'
[0.616s] Level 5:colcon.colcon_core.verb:set package 'my_robot_bringup' build argument 'ament_cmake_args' from command line to 'None'
[0.616s] Level 5:colcon.colcon_core.verb:set package 'my_robot_bringup' build argument 'catkin_cmake_args' from command line to 'None'
[0.616s] Level 5:colcon.colcon_core.verb:set package 'my_robot_bringup' build argument 'catkin_skip_building_tests' from command line to 'False'
[0.616s] DEBUG:colcon.colcon_core.verb:Building package 'my_robot_bringup' with the following arguments: {'ament_cmake_args': None, 'build_base': '/home/rptech/AGX_Orin_Backup/rover_project/ros2_ws/build/my_robot_bringup', 'catkin_cmake_args': None, 'catkin_skip_building_tests': False, 'cmake_args': None, 'cmake_clean_cache': False, 'cmake_clean_first': False, 'cmake_force_configure': False, 'cmake_target': None, 'cmake_target_skip_unavailable': False, 'install_base': '/home/rptech/AGX_Orin_Backup/rover_project/ros2_ws/install/my_robot_bringup', 'merge_install': False, 'path': '/home/rptech/AGX_Orin_Backup/rover_project/ros2_ws/src/my_robot_bringup', 'symlink_install': True, 'test_result_base': None}
[0.617s] Level 5:colcon.colcon_core.verb:set package 'rover_core' build argument 'cmake_args' from command line to 'None'
[0.617s] Level 5:colcon.colcon_core.verb:set package 'rover_core' build argument 'cmake_target' from command line to 'None'
[0.617s] Level 5:colcon.colcon_core.verb:set package 'rover_core' build argument 'cmake_target_skip_unavailable' from command line to 'False'
[0.617s] Level 5:colcon.colcon_core.verb:set package 'rover_core' build argument 'cmake_clean_cache' from command line to 'False'
[0.617s] Level 5:colcon.colcon_core.verb:set package 'rover_core' build argument 'cmake_clean_first' from command line to 'False'
[0.617s] Level 5:colcon.colcon_core.verb:set package 'rover_core' build argument 'cmake_force_configure' from command line to 'False'
[0.617s] Level 5:colcon.colcon_core.verb:set package 'rover_core' build argument 'ament_cmake_args' from command line to 'None'
[0.617s] Level 5:colcon.colcon_core.verb:set package 'rover_core' build argument 'catkin_cmake_args' from command line to 'None'
[0.617s] Level 5:colcon.colcon_core.verb:set package 'rover_core' build argument 'catkin_skip_building_tests' from command line to 'False'
[0.617s] DEBUG:colcon.colcon_core.verb:Building package 'rover_core' with the following arguments: {'ament_cmake_args': None, 'build_base': '/home/rptech/AGX_Orin_Backup/rover_project/ros2_ws/build/rover_core', 'catkin_cmake_args': None, 'catkin_skip_building_tests': False, 'cmake_args': None, 'cmake_clean_cache': False, 'cmake_clean_first': False, 'cmake_force_configure': False, 'cmake_target': None, 'cmake_target_skip_unavailable': False, 'install_base': '/home/rptech/AGX_Orin_Backup/rover_project/ros2_ws/install/rover_core', 'merge_install': False, 'path': '/home/rptech/AGX_Orin_Backup/rover_project/ros2_ws/src/rover_core', 'symlink_install': True, 'test_result_base': None}
[0.618s] Level 5:colcon.colcon_core.verb:set package 'rover_description' build argument 'cmake_args' from command line to 'None'
[0.618s] Level 5:colcon.colcon_core.verb:set package 'rover_description' build argument 'cmake_target' from command line to 'None'
[0.618s] Level 5:colcon.colcon_core.verb:set package 'rover_description' build argument 'cmake_target_skip_unavailable' from command line to 'False'
[0.618s] Level 5:colcon.colcon_core.verb:set package 'rover_description' build argument 'cmake_clean_cache' from command line to 'False'
[0.618s] Level 5:colcon.colcon_core.verb:set package 'rover_description' build argument 'cmake_clean_first' from command line to 'False'
[0.618s] Level 5:colcon.colcon_core.verb:set package 'rover_description' build argument 'cmake_force_configure' from command line to 'False'
[0.618s] Level 5:colcon.colcon_core.verb:set package 'rover_description' build argument 'ament_cmake_args' from command line to 'None'
[0.618s] Level 5:colcon.colcon_core.verb:set package 'rover_description' build argument 'catkin_cmake_args' from command line to 'None'
[0.618s] Level 5:colcon.colcon_core.verb:set package 'rover_description' build argument 'catkin_skip_building_tests' from command line to 'False'
[0.618s] DEBUG:colcon.colcon_core.verb:Building package 'rover_description' with the following arguments: {'ament_cmake_args': None, 'build_base': '/home/rptech/AGX_Orin_Backup/rover_project/ros2_ws/build/rover_description', 'catkin_cmake_args': None, 'catkin_skip_building_tests': False, 'cmake_args': None, 'cmake_clean_cache': False, 'cmake_clean_first': False, 'cmake_force_configure': False, 'cmake_target': None, 'cmake_target_skip_unavailable': False, 'install_base': '/home/rptech/AGX_Orin_Backup/rover_project/ros2_ws/install/rover_description', 'merge_install': False, 'path': '/home/rptech/AGX_Orin_Backup/rover_project/ros2_ws/src/rover_description', 'symlink_install': True, 'test_result_base': None}
[0.618s] Level 5:colcon.colcon_core.verb:set package 'rplidar_ros' build argument 'cmake_args' from command line to 'None'
[0.618s] Level 5:colcon.colcon_core.verb:set package 'rplidar_ros' build argument 'cmake_target' from command line to 'None'
[0.618s] Level 5:colcon.colcon_core.verb:set package 'rplidar_ros' build argument 'cmake_target_skip_unavailable' from command line to 'False'
[0.619s] Level 5:colcon.colcon_core.verb:set package 'rplidar_ros' build argument 'cmake_clean_cache' from command line to 'False'
[0.619s] Level 5:colcon.colcon_core.verb:set package 'rplidar_ros' build argument 'cmake_clean_first' from command line to 'False'
[0.619s] Level 5:colcon.colcon_core.verb:set package 'rplidar_ros' build argument 'cmake_force_configure' from command line to 'False'
[0.619s] Level 5:colcon.colcon_core.verb:set package 'rplidar_ros' build argument 'ament_cmake_args' from command line to 'None'
[0.619s] Level 5:colcon.colcon_core.verb:set package 'rplidar_ros' build argument 'catkin_cmake_args' from command line to 'None'
[0.619s] Level 5:colcon.colcon_core.verb:set package 'rplidar_ros' build argument 'catkin_skip_building_tests' from command line to 'False'
[0.619s] DEBUG:colcon.colcon_core.verb:Building package 'rplidar_ros' with the following arguments: {'ament_cmake_args': None, 'build_base': '/home/rptech/AGX_Orin_Backup/rover_project/ros2_ws/build/rplidar_ros', 'catkin_cmake_args': None, 'catkin_skip_building_tests': False, 'cmake_args': None, 'cmake_clean_cache': False, 'cmake_clean_first': False, 'cmake_force_configure': False, 'cmake_target': None, 'cmake_target_skip_unavailable': False, 'install_base': '/home/rptech/AGX_Orin_Backup/rover_project/ros2_ws/install/rplidar_ros', 'merge_install': False, 'path': '/home/rptech/AGX_Orin_Backup/rover_project/ros2_ws/src/rplidar_ros', 'symlink_install': True, 'test_result_base': None}
[0.619s] Level 5:colcon.colcon_core.verb:set package 'sllidar_ros2' build argument 'cmake_args' from command line to 'None'
[0.619s] Level 5:colcon.colcon_core.verb:set package 'sllidar_ros2' build argument 'cmake_target' from command line to 'None'
[0.619s] Level 5:colcon.colcon_core.verb:set package 'sllidar_ros2' build argument 'cmake_target_skip_unavailable' from command line to 'False'
[0.619s] Level 5:colcon.colcon_core.verb:set package 'sllidar_ros2' build argument 'cmake_clean_cache' from command line to 'False'
[0.619s] Level 5:colcon.colcon_core.verb:set package 'sllidar_ros2' build argument 'cmake_clean_first' from command line to 'False'
[0.619s] Level 5:colcon.colcon_core.verb:set package 'sllidar_ros2' build argument 'cmake_force_configure' from command line to 'False'
[0.619s] Level 5:colcon.colcon_core.verb:set package 'sllidar_ros2' build argument 'ament_cmake_args' from command line to 'None'
[0.619s] Level 5:colcon.colcon_core.verb:set package 'sllidar_ros2' build argument 'catkin_cmake_args' from command line to 'None'
[0.619s] Level 5:colcon.colcon_core.verb:set package 'sllidar_ros2' build argument 'catkin_skip_building_tests' from command line to 'False'
[0.620s] DEBUG:colcon.colcon_core.verb:Building package 'sllidar_ros2' with the following arguments: {'ament_cmake_args': None, 'build_base': '/home/rptech/AGX_Orin_Backup/rover_project/ros2_ws/build/sllidar_ros2', 'catkin_cmake_args': None, 'catkin_skip_building_tests': False, 'cmake_args': None, 'cmake_clean_cache': False, 'cmake_clean_first': False, 'cmake_force_configure': False, 'cmake_target': None, 'cmake_target_skip_unavailable': False, 'install_base': '/home/rptech/AGX_Orin_Backup/rover_project/ros2_ws/install/sllidar_ros2', 'merge_install': False, 'path': '/home/rptech/AGX_Orin_Backup/rover_project/ros2_ws/src/sllidar_ros2', 'symlink_install': True, 'test_result_base': None}
[0.620s] INFO:colcon.colcon_core.executor:Executing jobs using 'parallel' executor
[0.621s] DEBUG:colcon.colcon_parallel_executor.executor.parallel:run_until_complete
[0.622s] INFO:colcon.colcon_ros.task.ament_python.build:Building ROS package in '/home/rptech/AGX_Orin_Backup/rover_project/ros2_ws/src/my_robot_bringup' with build type 'ament_python'
[0.622s] Level 1:colcon.colcon_core.shell:create_environment_hook('my_robot_bringup', 'ament_prefix_path')
[0.627s] INFO:colcon.colcon_core.plugin_system:Skipping extension 'colcon_core.shell.bat': Not used on non-Windows systems
[0.628s] INFO:colcon.colcon_core.shell:Creating environment hook '/home/rptech/AGX_Orin_Backup/rover_project/ros2_ws/install/my_robot_bringup/share/my_robot_bringup/hook/ament_prefix_path.ps1'
[0.629s] INFO:colcon.colcon_core.shell:Creating environment descriptor '/home/rptech/AGX_Orin_Backup/rover_project/ros2_ws/install/my_robot_bringup/share/my_robot_bringup/hook/ament_prefix_path.dsv'
[0.630s] INFO:colcon.colcon_core.shell:Creating environment hook '/home/rptech/AGX_Orin_Backup/rover_project/ros2_ws/install/my_robot_bringup/share/my_robot_bringup/hook/ament_prefix_path.sh'
[0.631s] INFO:colcon.colcon_core.shell:Skip shell extension 'powershell' for command environment: Not usable outside of PowerShell
[0.631s] DEBUG:colcon.colcon_core.shell:Skip shell extension 'dsv' for command environment
[0.637s] INFO:colcon.colcon_ros.task.ament_python.build:Building ROS package in '/home/rptech/AGX_Orin_Backup/rover_project/ros2_ws/src/rover_core' with build type 'ament_python'
[0.637s] Level 1:colcon.colcon_core.shell:create_environment_hook('rover_core', 'ament_prefix_path')
[0.637s] INFO:colcon.colcon_core.shell:Creating environment hook '/home/rptech/AGX_Orin_Backup/rover_project/ros2_ws/install/rover_core/share/rover_core/hook/ament_prefix_path.ps1'
[0.638s] INFO:colcon.colcon_core.shell:Creating environment descriptor '/home/rptech/AGX_Orin_Backup/rover_project/ros2_ws/install/rover_core/share/rover_core/hook/ament_prefix_path.dsv'
[0.638s] INFO:colcon.colcon_core.shell:Creating environment hook '/home/rptech/AGX_Orin_Backup/rover_project/ros2_ws/install/rover_core/share/rover_core/hook/ament_prefix_path.sh'
[0.639s] INFO:colcon.colcon_core.shell:Skip shell extension 'powershell' for command environment: Not usable outside of PowerShell
[0.639s] DEBUG:colcon.colcon_core.shell:Skip shell extension 'dsv' for command environment
[0.645s] INFO:colcon.colcon_ros.task.ament_python.build:Building ROS package in '/home/rptech/AGX_Orin_Backup/rover_project/ros2_ws/src/rover_description' with build type 'ament_python'
[0.645s] Level 1:colcon.colcon_core.shell:create_environment_hook('rover_description', 'ament_prefix_path')
[0.645s] INFO:colcon.colcon_core.shell:Creating environment hook '/home/rptech/AGX_Orin_Backup/rover_project/ros2_ws/install/rover_description/share/rover_description/hook/ament_prefix_path.ps1'
[0.646s] INFO:colcon.colcon_core.shell:Creating environment descriptor '/home/rptech/AGX_Orin_Backup/rover_project/ros2_ws/install/rover_description/share/rover_description/hook/ament_prefix_path.dsv'
[0.647s] INFO:colcon.colcon_core.shell:Creating environment hook '/home/rptech/AGX_Orin_Backup/rover_project/ros2_ws/install/rover_description/share/rover_description/hook/ament_prefix_path.sh'
[0.648s] INFO:colcon.colcon_core.shell:Skip shell extension 'powershell' for command environment: Not usable outside of PowerShell
[0.648s] DEBUG:colcon.colcon_core.shell:Skip shell extension 'dsv' for command environment
[0.653s] INFO:colcon.colcon_ros.task.ament_cmake.build:Building ROS package in '/home/rptech/AGX_Orin_Backup/rover_project/ros2_ws/src/rplidar_ros' with build type 'ament_cmake'
[0.653s] INFO:colcon.colcon_cmake.task.cmake.build:Building CMake package in '/home/rptech/AGX_Orin_Backup/rover_project/ros2_ws/src/rplidar_ros'
[0.654s] INFO:colcon.colcon_core.shell:Skip shell extension 'powershell' for command environment: Not usable outside of PowerShell
[0.654s] DEBUG:colcon.colcon_core.shell:Skip shell extension 'dsv' for command environment
[0.659s] INFO:colcon.colcon_ros.task.ament_cmake.build:Building ROS package in '/home/rptech/AGX_Orin_Backup/rover_project/ros2_ws/src/sllidar_ros2' with build type 'ament_cmake'
[0.659s] INFO:colcon.colcon_cmake.task.cmake.build:Building CMake package in '/home/rptech/AGX_Orin_Backup/rover_project/ros2_ws/src/sllidar_ros2'
[0.660s] INFO:colcon.colcon_core.shell:Skip shell extension 'powershell' for command environment: Not usable outside of PowerShell
[0.660s] DEBUG:colcon.colcon_core.shell:Skip shell extension 'dsv' for command environment
[1.026s] INFO:colcon.colcon_core.task.python.build:Building Python package in '/home/rptech/AGX_Orin_Backup/rover_project/ros2_ws/src/my_robot_bringup'
[1.026s] INFO:colcon.colcon_core.shell:Skip shell extension 'powershell' for command environment: Not usable outside of PowerShell
[1.026s] DEBUG:colcon.colcon_core.shell:Skip shell extension 'dsv' for command environment
[1.389s] INFO:colcon.colcon_core.task.python.build:Building Python package in '/home/rptech/AGX_Orin_Backup/rover_project/ros2_ws/src/rover_core'
[1.390s] INFO:colcon.colcon_core.shell:Skip shell extension 'powershell' for command environment: Not usable outside of PowerShell
[1.390s] DEBUG:colcon.colcon_core.shell:Skip shell extension 'dsv' for command environment
[1.763s] INFO:colcon.colcon_core.task.python.build:Building Python package in '/home/rptech/AGX_Orin_Backup/rover_project/ros2_ws/src/rover_description'
[1.764s] INFO:colcon.colcon_core.shell:Skip shell extension 'powershell' for command environment: Not usable outside of PowerShell
[1.764s] DEBUG:colcon.colcon_core.shell:Skip shell extension 'dsv' for command environment
[1.786s] DEBUG:colcon.colcon_core.event_handler.log_command:Invoking command in '/home/rptech/AGX_Orin_Backup/rover_project/ros2_ws/build/rplidar_ros': CMAKE_PREFIX_PATH=${CMAKE_PREFIX_PATH}:/home/rptech/AGX_Orin_Backup/rover_project/ros2_ws/install/rover_description:/home/rptech/AGX_Orin_Backup/rover_project/ros2_ws/install/rover_core:/home/rptech/AGX_Orin_Backup/rover_project/ros2_ws/install/my_robot_bringup:/opt/ros/humble /usr/bin/cmake --build /home/rptech/AGX_Orin_Backup/rover_project/ros2_ws/build/rplidar_ros -- -j12 -l12
[1.806s] DEBUG:colcon.colcon_core.event_handler.log_command:Invoking command in '/home/rptech/AGX_Orin_Backup/rover_project/ros2_ws/build/sllidar_ros2': CMAKE_PREFIX_PATH=${CMAKE_PREFIX_PATH}:/home/rptech/AGX_Orin_Backup/rover_project/ros2_ws/install/rover_description:/home/rptech/AGX_Orin_Backup/rover_project/ros2_ws/install/rover_core:/home/rptech/AGX_Orin_Backup/rover_project/ros2_ws/install/my_robot_bringup:/opt/ros/humble /usr/bin/cmake --build /home/rptech/AGX_Orin_Backup/rover_project/ros2_ws/build/sllidar_ros2 -- -j12 -l12
[1.950s] DEBUG:colcon.colcon_core.event_handler.log_command:Invoked command in '/home/rptech/AGX_Orin_Backup/rover_project/ros2_ws/build/sllidar_ros2' returned '0': CMAKE_PREFIX_PATH=${CMAKE_PREFIX_PATH}:/home/rptech/AGX_Orin_Backup/rover_project/ros2_ws/install/rover_description:/home/rptech/AGX_Orin_Backup/rover_project/ros2_ws/install/rover_core:/home/rptech/AGX_Orin_Backup/rover_project/ros2_ws/install/my_robot_bringup:/opt/ros/humble /usr/bin/cmake --build /home/rptech/AGX_Orin_Backup/rover_project/ros2_ws/build/sllidar_ros2 -- -j12 -l12
[1.968s] DEBUG:colcon.colcon_core.event_handler.log_command:Invoking command in '/home/rptech/AGX_Orin_Backup/rover_project/ros2_ws/build/sllidar_ros2': CMAKE_PREFIX_PATH=${CMAKE_PREFIX_PATH}:/home/rptech/AGX_Orin_Backup/rover_project/ros2_ws/install/rover_description:/home/rptech/AGX_Orin_Backup/rover_project/ros2_ws/install/rover_core:/home/rptech/AGX_Orin_Backup/rover_project/ros2_ws/install/my_robot_bringup:/opt/ros/humble /usr/bin/cmake --install /home/rptech/AGX_Orin_Backup/rover_project/ros2_ws/build/sllidar_ros2
[1.970s] DEBUG:colcon.colcon_core.event_handler.log_command:Invoked command in '/home/rptech/AGX_Orin_Backup/rover_project/ros2_ws/build/rplidar_ros' returned '0': CMAKE_PREFIX_PATH=${CMAKE_PREFIX_PATH}:/home/rptech/AGX_Orin_Backup/rover_project/ros2_ws/install/rover_description:/home/rptech/AGX_Orin_Backup/rover_project/ros2_ws/install/rover_core:/home/rptech/AGX_Orin_Backup/rover_project/ros2_ws/install/my_robot_bringup:/opt/ros/humble /usr/bin/cmake --build /home/rptech/AGX_Orin_Backup/rover_project/ros2_ws/build/rplidar_ros -- -j12 -l12
[1.973s] DEBUG:colcon.colcon_core.event_handler.log_command:Invoking command in '/home/rptech/AGX_Orin_Backup/rover_project/ros2_ws/build/rplidar_ros': CMAKE_PREFIX_PATH=${CMAKE_PREFIX_PATH}:/home/rptech/AGX_Orin_Backup/rover_project/ros2_ws/install/rover_description:/home/rptech/AGX_Orin_Backup/rover_project/ros2_ws/install/rover_core:/home/rptech/AGX_Orin_Backup/rover_project/ros2_ws/install/my_robot_bringup:/opt/ros/humble /usr/bin/cmake --install /home/rptech/AGX_Orin_Backup/rover_project/ros2_ws/build/rplidar_ros
[2.013s] Level 1:colcon.colcon_core.environment:create_environment_scripts_only(sllidar_ros2)
[2.014s] DEBUG:colcon.colcon_core.event_handler.log_command:Invoked command in '/home/rptech/AGX_Orin_Backup/rover_project/ros2_ws/build/sllidar_ros2' returned '0': CMAKE_PREFIX_PATH=${CMAKE_PREFIX_PATH}:/home/rptech/AGX_Orin_Backup/rover_project/ros2_ws/install/rover_description:/home/rptech/AGX_Orin_Backup/rover_project/ros2_ws/install/rover_core:/home/rptech/AGX_Orin_Backup/rover_project/ros2_ws/install/my_robot_bringup:/opt/ros/humble /usr/bin/cmake --install /home/rptech/AGX_Orin_Backup/rover_project/ros2_ws/build/sllidar_ros2
[2.022s] Level 1:colcon.colcon_core.environment:checking '/home/rptech/AGX_Orin_Backup/rover_project/ros2_ws/install/sllidar_ros2' for CMake module files
[2.023s] Level 1:colcon.colcon_core.environment:checking '/home/rptech/AGX_Orin_Backup/rover_project/ros2_ws/install/sllidar_ros2' for CMake config files
[2.024s] Level 1:colcon.colcon_core.shell:create_environment_hook('sllidar_ros2', 'cmake_prefix_path')
[2.024s] INFO:colcon.colcon_core.shell:Creating environment hook '/home/rptech/AGX_Orin_Backup/rover_project/ros2_ws/install/sllidar_ros2/share/sllidar_ros2/hook/cmake_prefix_path.ps1'
[2.025s] INFO:colcon.colcon_core.shell:Creating environment descriptor '/home/rptech/AGX_Orin_Backup/rover_project/ros2_ws/install/sllidar_ros2/share/sllidar_ros2/hook/cmake_prefix_path.dsv'
[2.026s] INFO:colcon.colcon_core.shell:Creating environment hook '/home/rptech/AGX_Orin_Backup/rover_project/ros2_ws/install/sllidar_ros2/share/sllidar_ros2/hook/cmake_prefix_path.sh'
[2.028s] Level 1:colcon.colcon_core.environment:checking '/home/rptech/AGX_Orin_Backup/rover_project/ros2_ws/install/sllidar_ros2/lib'
[2.029s] Level 1:colcon.colcon_core.environment:checking '/home/rptech/AGX_Orin_Backup/rover_project/ros2_ws/install/sllidar_ros2/bin'
[2.029s] Level 1:colcon.colcon_core.environment:checking '/home/rptech/AGX_Orin_Backup/rover_project/ros2_ws/install/sllidar_ros2/lib/pkgconfig/sllidar_ros2.pc'
[2.030s] Level 1:colcon.colcon_core.environment:checking '/home/rptech/AGX_Orin_Backup/rover_project/ros2_ws/install/sllidar_ros2/lib/python3.10/site-packages'
[2.031s] Level 1:colcon.colcon_core.environment:checking '/home/rptech/AGX_Orin_Backup/rover_project/ros2_ws/install/sllidar_ros2/bin'
[2.032s] INFO:colcon.colcon_core.shell:Creating package script '/home/rptech/AGX_Orin_Backup/rover_project/ros2_ws/install/sllidar_ros2/share/sllidar_ros2/package.ps1'
[2.036s] INFO:colcon.colcon_core.shell:Creating package descriptor '/home/rptech/AGX_Orin_Backup/rover_project/ros2_ws/install/sllidar_ros2/share/sllidar_ros2/package.dsv'
[2.038s] INFO:colcon.colcon_core.shell:Creating package script '/home/rptech/AGX_Orin_Backup/rover_project/ros2_ws/install/sllidar_ros2/share/sllidar_ros2/package.sh'
[2.040s] INFO:colcon.colcon_core.shell:Creating package script '/home/rptech/AGX_Orin_Backup/rover_project/ros2_ws/install/sllidar_ros2/share/sllidar_ros2/package.bash'
[2.043s] INFO:colcon.colcon_core.shell:Creating package script '/home/rptech/AGX_Orin_Backup/rover_project/ros2_ws/install/sllidar_ros2/share/sllidar_ros2/package.zsh'
[2.047s] Level 1:colcon.colcon_core.environment:create_file_with_runtime_dependencies(/home/rptech/AGX_Orin_Backup/rover_project/ros2_ws/install/sllidar_ros2/share/colcon-core/packages/sllidar_ros2)
[2.049s] Level 1:colcon.colcon_core.environment:create_environment_scripts_only(sllidar_ros2)
[2.050s] Level 1:colcon.colcon_core.environment:checking '/home/rptech/AGX_Orin_Backup/rover_project/ros2_ws/install/sllidar_ros2' for CMake module files
[2.052s] Level 1:colcon.colcon_core.environment:checking '/home/rptech/AGX_Orin_Backup/rover_project/ros2_ws/install/sllidar_ros2' for CMake config files
[2.054s] Level 1:colcon.colcon_core.shell:create_environment_hook('sllidar_ros2', 'cmake_prefix_path')
[2.055s] INFO:colcon.colcon_core.shell:Creating environment hook '/home/rptech/AGX_Orin_Backup/rover_project/ros2_ws/install/sllidar_ros2/share/sllidar_ros2/hook/cmake_prefix_path.ps1'
[2.056s] INFO:colcon.colcon_core.shell:Creating environment descriptor '/home/rptech/AGX_Orin_Backup/rover_project/ros2_ws/install/sllidar_ros2/share/sllidar_ros2/hook/cmake_prefix_path.dsv'
[2.057s] INFO:colcon.colcon_core.shell:Creating environment hook '/home/rptech/AGX_Orin_Backup/rover_project/ros2_ws/install/sllidar_ros2/share/sllidar_ros2/hook/cmake_prefix_path.sh'
[2.059s] Level 1:colcon.colcon_core.environment:checking '/home/rptech/AGX_Orin_Backup/rover_project/ros2_ws/install/sllidar_ros2/lib'
[2.059s] Level 1:colcon.colcon_core.environment:checking '/home/rptech/AGX_Orin_Backup/rover_project/ros2_ws/install/sllidar_ros2/bin'
[2.059s] Level 1:colcon.colcon_core.environment:checking '/home/rptech/AGX_Orin_Backup/rover_project/ros2_ws/install/sllidar_ros2/lib/pkgconfig/sllidar_ros2.pc'
[2.060s] Level 1:colcon.colcon_core.environment:checking '/home/rptech/AGX_Orin_Backup/rover_project/ros2_ws/install/sllidar_ros2/lib/python3.10/site-packages'
[2.061s] Level 1:colcon.colcon_core.environment:checking '/home/rptech/AGX_Orin_Backup/rover_project/ros2_ws/install/sllidar_ros2/bin'
[2.062s] INFO:colcon.colcon_core.shell:Creating package script '/home/rptech/AGX_Orin_Backup/rover_project/ros2_ws/install/sllidar_ros2/share/sllidar_ros2/package.ps1'
[2.064s] INFO:colcon.colcon_core.shell:Creating package descriptor '/home/rptech/AGX_Orin_Backup/rover_project/ros2_ws/install/sllidar_ros2/share/sllidar_ros2/package.dsv'
[2.065s] INFO:colcon.colcon_core.shell:Creating package script '/home/rptech/AGX_Orin_Backup/rover_project/ros2_ws/install/sllidar_ros2/share/sllidar_ros2/package.sh'
[2.066s] INFO:colcon.colcon_core.shell:Creating package script '/home/rptech/AGX_Orin_Backup/rover_project/ros2_ws/install/sllidar_ros2/share/sllidar_ros2/package.bash'
[2.068s] INFO:colcon.colcon_core.shell:Creating package script '/home/rptech/AGX_Orin_Backup/rover_project/ros2_ws/install/sllidar_ros2/share/sllidar_ros2/package.zsh'
[2.069s] Level 1:colcon.colcon_core.environment:create_file_with_runtime_dependencies(/home/rptech/AGX_Orin_Backup/rover_project/ros2_ws/install/sllidar_ros2/share/colcon-core/packages/sllidar_ros2)
[2.071s] Level 1:colcon.colcon_core.environment:create_environment_scripts_only(rplidar_ros)
[2.072s] Level 1:colcon.colcon_core.environment:checking '/home/rptech/AGX_Orin_Backup/rover_project/ros2_ws/install/rplidar_ros' for CMake module files
[2.073s] DEBUG:colcon.colcon_core.event_handler.log_command:Invoked command in '/home/rptech/AGX_Orin_Backup/rover_project/ros2_ws/build/rplidar_ros' returned '0': CMAKE_PREFIX_PATH=${CMAKE_PREFIX_PATH}:/home/rptech/AGX_Orin_Backup/rover_project/ros2_ws/install/rover_description:/home/rptech/AGX_Orin_Backup/rover_project/ros2_ws/install/rover_core:/home/rptech/AGX_Orin_Backup/rover_project/ros2_ws/install/my_robot_bringup:/opt/ros/humble /usr/bin/cmake --install /home/rptech/AGX_Orin_Backup/rover_project/ros2_ws/build/rplidar_ros
[2.075s] Level 1:colcon.colcon_core.environment:checking '/home/rptech/AGX_Orin_Backup/rover_project/ros2_ws/install/rplidar_ros' for CMake config files
[2.076s] Level 1:colcon.colcon_core.shell:create_environment_hook('rplidar_ros', 'cmake_prefix_path')
[2.076s] INFO:colcon.colcon_core.shell:Creating environment hook '/home/rptech/AGX_Orin_Backup/rover_project/ros2_ws/install/rplidar_ros/share/rplidar_ros/hook/cmake_prefix_path.ps1'
[2.078s] INFO:colcon.colcon_core.shell:Creating environment descriptor '/home/rptech/AGX_Orin_Backup/rover_project/ros2_ws/install/rplidar_ros/share/rplidar_ros/hook/cmake_prefix_path.dsv'
[2.079s] INFO:colcon.colcon_core.shell:Creating environment hook '/home/rptech/AGX_Orin_Backup/rover_project/ros2_ws/install/rplidar_ros/share/rplidar_ros/hook/cmake_prefix_path.sh'
[2.081s] Level 1:colcon.colcon_core.environment:checking '/home/rptech/AGX_Orin_Backup/rover_project/ros2_ws/install/rplidar_ros/lib'
[2.081s] Level 1:colcon.colcon_core.environment:checking '/home/rptech/AGX_Orin_Backup/rover_project/ros2_ws/install/rplidar_ros/bin'
[2.082s] Level 1:colcon.colcon_core.environment:checking '/home/rptech/AGX_Orin_Backup/rover_project/ros2_ws/install/rplidar_ros/lib/pkgconfig/rplidar_ros.pc'
[2.082s] Level 1:colcon.colcon_core.environment:checking '/home/rptech/AGX_Orin_Backup/rover_project/ros2_ws/install/rplidar_ros/lib/python3.10/site-packages'
[2.084s] Level 1:colcon.colcon_core.environment:checking '/home/rptech/AGX_Orin_Backup/rover_project/ros2_ws/install/rplidar_ros/bin'
[2.085s] INFO:colcon.colcon_core.shell:Creating package script '/home/rptech/AGX_Orin_Backup/rover_project/ros2_ws/install/rplidar_ros/share/rplidar_ros/package.ps1'
[2.086s] INFO:colcon.colcon_core.shell:Creating package descriptor '/home/rptech/AGX_Orin_Backup/rover_project/ros2_ws/install/rplidar_ros/share/rplidar_ros/package.dsv'
[2.087s] INFO:colcon.colcon_core.shell:Creating package script '/home/rptech/AGX_Orin_Backup/rover_project/ros2_ws/install/rplidar_ros/share/rplidar_ros/package.sh'
[2.089s] INFO:colcon.colcon_core.shell:Creating package script '/home/rptech/AGX_Orin_Backup/rover_project/ros2_ws/install/rplidar_ros/share/rplidar_ros/package.bash'
[2.090s] INFO:colcon.colcon_core.shell:Creating package script '/home/rptech/AGX_Orin_Backup/rover_project/ros2_ws/install/rplidar_ros/share/rplidar_ros/package.zsh'
[2.091s] Level 1:colcon.colcon_core.environment:create_file_with_runtime_dependencies(/home/rptech/AGX_Orin_Backup/rover_project/ros2_ws/install/rplidar_ros/share/colcon-core/packages/rplidar_ros)
[2.092s] Level 1:colcon.colcon_core.environment:create_environment_scripts_only(rplidar_ros)
[2.093s] Level 1:colcon.colcon_core.environment:checking '/home/rptech/AGX_Orin_Backup/rover_project/ros2_ws/install/rplidar_ros' for CMake module files
[2.094s] Level 1:colcon.colcon_core.environment:checking '/home/rptech/AGX_Orin_Backup/rover_project/ros2_ws/install/rplidar_ros' for CMake config files
[2.095s] Level 1:colcon.colcon_core.shell:create_environment_hook('rplidar_ros', 'cmake_prefix_path')
[2.096s] INFO:colcon.colcon_core.shell:Creating environment hook '/home/rptech/AGX_Orin_Backup/rover_project/ros2_ws/install/rplidar_ros/share/rplidar_ros/hook/cmake_prefix_path.ps1'
[2.097s] INFO:colcon.colcon_core.shell:Creating environment descriptor '/home/rptech/AGX_Orin_Backup/rover_project/ros2_ws/install/rplidar_ros/share/rplidar_ros/hook/cmake_prefix_path.dsv'
[2.098s] INFO:colcon.colcon_core.shell:Creating environment hook '/home/rptech/AGX_Orin_Backup/rover_project/ros2_ws/install/rplidar_ros/share/rplidar_ros/hook/cmake_prefix_path.sh'
[2.099s] Level 1:colcon.colcon_core.environment:checking '/home/rptech/AGX_Orin_Backup/rover_project/ros2_ws/install/rplidar_ros/lib'
[2.099s] Level 1:colcon.colcon_core.environment:checking '/home/rptech/AGX_Orin_Backup/rover_project/ros2_ws/install/rplidar_ros/bin'
[2.099s] Level 1:colcon.colcon_core.environment:checking '/home/rptech/AGX_Orin_Backup/rover_project/ros2_ws/install/rplidar_ros/lib/pkgconfig/rplidar_ros.pc'
[2.100s] Level 1:colcon.colcon_core.environment:checking '/home/rptech/AGX_Orin_Backup/rover_project/ros2_ws/install/rplidar_ros/lib/python3.10/site-packages'
[2.101s] Level 1:colcon.colcon_core.environment:checking '/home/rptech/AGX_Orin_Backup/rover_project/ros2_ws/install/rplidar_ros/bin'
[2.102s] INFO:colcon.colcon_core.shell:Creating package script '/home/rptech/AGX_Orin_Backup/rover_project/ros2_ws/install/rplidar_ros/share/rplidar_ros/package.ps1'
[2.103s] INFO:colcon.colcon_core.shell:Creating package descriptor '/home/rptech/AGX_Orin_Backup/rover_project/ros2_ws/install/rplidar_ros/share/rplidar_ros/package.dsv'
[2.104s] INFO:colcon.colcon_core.shell:Creating package script '/home/rptech/AGX_Orin_Backup/rover_project/ros2_ws/install/rplidar_ros/share/rplidar_ros/package.sh'
[2.105s] INFO:colcon.colcon_core.shell:Creating package script '/home/rptech/AGX_Orin_Backup/rover_project/ros2_ws/install/rplidar_ros/share/rplidar_ros/package.bash'
[2.106s] INFO:colcon.colcon_core.shell:Creating package script '/home/rptech/AGX_Orin_Backup/rover_project/ros2_ws/install/rplidar_ros/share/rplidar_ros/package.zsh'
[2.106s] Level 1:colcon.colcon_core.environment:create_file_with_runtime_dependencies(/home/rptech/AGX_Orin_Backup/rover_project/ros2_ws/install/rplidar_ros/share/colcon-core/packages/rplidar_ros)
[2.880s] DEBUG:colcon.colcon_core.event_handler.log_command:Invoking command in '/home/rptech/AGX_Orin_Backup/rover_project/ros2_ws/build/rover_description': PYTHONPATH=/home/rptech/AGX_Orin_Backup/rover_project/ros2_ws/build/rover_description/prefix_override:/usr/lib/python3/dist-packages/colcon_core/task/python/colcon_distutils_commands:/home/rptech/AGX_Orin_Backup/rover_project/ros2_ws/install/rover_description/lib/python3.10/site-packages:${PYTHONPATH} /usr/bin/python3 -W ignore:setup.py install is deprecated -W ignore:easy_install command is deprecated setup.py develop --editable --build-directory /home/rptech/AGX_Orin_Backup/rover_project/ros2_ws/build/rover_description/build --no-deps symlink_data
[2.887s] DEBUG:colcon.colcon_core.event_handler.log_command:Invoking command in '/home/rptech/AGX_Orin_Backup/rover_project/ros2_ws/build/my_robot_bringup': PYTHONPATH=/home/rptech/AGX_Orin_Backup/rover_project/ros2_ws/build/my_robot_bringup/prefix_override:/usr/lib/python3/dist-packages/colcon_core/task/python/colcon_distutils_commands:/home/rptech/AGX_Orin_Backup/rover_project/ros2_ws/install/my_robot_bringup/lib/python3.10/site-packages:${PYTHONPATH} /usr/bin/python3 -W ignore:setup.py install is deprecated -W ignore:easy_install command is deprecated setup.py develop --editable --build-directory /home/rptech/AGX_Orin_Backup/rover_project/ros2_ws/build/my_robot_bringup/build --no-deps symlink_data
[2.890s] DEBUG:colcon.colcon_core.event_handler.log_command:Invoking command in '/home/rptech/AGX_Orin_Backup/rover_project/ros2_ws/build/rover_core': PYTHONPATH=/home/rptech/AGX_Orin_Backup/rover_project/ros2_ws/build/rover_core/prefix_override:/usr/lib/python3/dist-packages/colcon_core/task/python/colcon_distutils_commands:/home/rptech/AGX_Orin_Backup/rover_project/ros2_ws/install/rover_core/lib/python3.10/site-packages:${PYTHONPATH} /usr/bin/python3 -W ignore:setup.py install is deprecated -W ignore:easy_install command is deprecated setup.py develop --editable --build-directory /home/rptech/AGX_Orin_Backup/rover_project/ros2_ws/build/rover_core/build --no-deps symlink_data
[4.162s] Level 1:colcon.colcon_core.shell:create_environment_hook('rover_core', 'pythonpath_develop')
[4.163s] INFO:colcon.colcon_core.shell:Creating environment hook '/home/rptech/AGX_Orin_Backup/rover_project/ros2_ws/build/rover_core/share/rover_core/hook/pythonpath_develop.ps1'
[4.164s] DEBUG:colcon.colcon_core.event_handler.log_command:Invoked command in '/home/rptech/AGX_Orin_Backup/rover_project/ros2_ws/build/rover_core' returned '0': PYTHONPATH=/home/rptech/AGX_Orin_Backup/rover_project/ros2_ws/build/rover_core/prefix_override:/usr/lib/python3/dist-packages/colcon_core/task/python/colcon_distutils_commands:/home/rptech/AGX_Orin_Backup/rover_project/ros2_ws/install/rover_core/lib/python3.10/site-packages:${PYTHONPATH} /usr/bin/python3 -W ignore:setup.py install is deprecated -W ignore:easy_install command is deprecated setup.py develop --editable --build-directory /home/rptech/AGX_Orin_Backup/rover_project/ros2_ws/build/rover_core/build --no-deps symlink_data
[4.166s] INFO:colcon.colcon_core.shell:Creating environment descriptor '/home/rptech/AGX_Orin_Backup/rover_project/ros2_ws/build/rover_core/share/rover_core/hook/pythonpath_develop.dsv'
[4.167s] INFO:colcon.colcon_core.shell:Creating environment hook '/home/rptech/AGX_Orin_Backup/rover_project/ros2_ws/build/rover_core/share/rover_core/hook/pythonpath_develop.sh'
[4.168s] Level 1:colcon.colcon_core.environment:checking '/home/rptech/AGX_Orin_Backup/rover_project/ros2_ws/install/rover_core' for CMake module files
[4.170s] Level 1:colcon.colcon_core.environment:checking '/home/rptech/AGX_Orin_Backup/rover_project/ros2_ws/install/rover_core' for CMake config files
[4.171s] Level 1:colcon.colcon_core.environment:checking '/home/rptech/AGX_Orin_Backup/rover_project/ros2_ws/install/rover_core/lib'
[4.172s] Level 1:colcon.colcon_core.environment:checking '/home/rptech/AGX_Orin_Backup/rover_project/ros2_ws/install/rover_core/bin'
[4.172s] Level 1:colcon.colcon_core.environment:checking '/home/rptech/AGX_Orin_Backup/rover_project/ros2_ws/install/rover_core/lib/pkgconfig/rover_core.pc'
[4.173s] Level 1:colcon.colcon_core.environment:checking '/home/rptech/AGX_Orin_Backup/rover_project/ros2_ws/install/rover_core/lib/python3.10/site-packages'
[4.173s] Level 1:colcon.colcon_core.shell:create_environment_hook('rover_core', 'pythonpath')
[4.174s] INFO:colcon.colcon_core.shell:Creating environment hook '/home/rptech/AGX_Orin_Backup/rover_project/ros2_ws/install/rover_core/share/rover_core/hook/pythonpath.ps1'
[4.175s] INFO:colcon.colcon_core.shell:Creating environment descriptor '/home/rptech/AGX_Orin_Backup/rover_project/ros2_ws/install/rover_core/share/rover_core/hook/pythonpath.dsv'
[4.177s] INFO:colcon.colcon_core.shell:Creating environment hook '/home/rptech/AGX_Orin_Backup/rover_project/ros2_ws/install/rover_core/share/rover_core/hook/pythonpath.sh'
[4.179s] Level 1:colcon.colcon_core.environment:checking '/home/rptech/AGX_Orin_Backup/rover_project/ros2_ws/install/rover_core/bin'
[4.180s] Level 1:colcon.colcon_core.environment:create_environment_scripts_only(rover_core)
[4.181s] INFO:colcon.colcon_core.shell:Creating package script '/home/rptech/AGX_Orin_Backup/rover_project/ros2_ws/install/rover_core/share/rover_core/package.ps1'
[4.183s] INFO:colcon.colcon_core.shell:Creating package descriptor '/home/rptech/AGX_Orin_Backup/rover_project/ros2_ws/install/rover_core/share/rover_core/package.dsv'
[4.185s] INFO:colcon.colcon_core.shell:Creating package script '/home/rptech/AGX_Orin_Backup/rover_project/ros2_ws/install/rover_core/share/rover_core/package.sh'
[4.186s] INFO:colcon.colcon_core.shell:Creating package script '/home/rptech/AGX_Orin_Backup/rover_project/ros2_ws/install/rover_core/share/rover_core/package.bash'
[4.187s] INFO:colcon.colcon_core.shell:Creating package script '/home/rptech/AGX_Orin_Backup/rover_project/ros2_ws/install/rover_core/share/rover_core/package.zsh'
[4.189s] Level 1:colcon.colcon_core.environment:create_file_with_runtime_dependencies(/home/rptech/AGX_Orin_Backup/rover_project/ros2_ws/install/rover_core/share/colcon-core/packages/rover_core)
[4.192s] Level 1:colcon.colcon_core.shell:create_environment_hook('rover_description', 'pythonpath_develop')
[4.192s] INFO:colcon.colcon_core.shell:Creating environment hook '/home/rptech/AGX_Orin_Backup/rover_project/ros2_ws/build/rover_description/share/rover_description/hook/pythonpath_develop.ps1'
[4.195s] DEBUG:colcon.colcon_core.event_handler.log_command:Invoked command in '/home/rptech/AGX_Orin_Backup/rover_project/ros2_ws/build/rover_description' returned '0': PYTHONPATH=/home/rptech/AGX_Orin_Backup/rover_project/ros2_ws/build/rover_description/prefix_override:/usr/lib/python3/dist-packages/colcon_core/task/python/colcon_distutils_commands:/home/rptech/AGX_Orin_Backup/rover_project/ros2_ws/install/rover_description/lib/python3.10/site-packages:${PYTHONPATH} /usr/bin/python3 -W ignore:setup.py install is deprecated -W ignore:easy_install command is deprecated setup.py develop --editable --build-directory /home/rptech/AGX_Orin_Backup/rover_project/ros2_ws/build/rover_description/build --no-deps symlink_data
[4.195s] INFO:colcon.colcon_core.shell:Creating environment descriptor '/home/rptech/AGX_Orin_Backup/rover_project/ros2_ws/build/rover_description/share/rover_description/hook/pythonpath_develop.dsv'
[4.196s] INFO:colcon.colcon_core.shell:Creating environment hook '/home/rptech/AGX_Orin_Backup/rover_project/ros2_ws/build/rover_description/share/rover_description/hook/pythonpath_develop.sh'
[4.199s] Level 1:colcon.colcon_core.environment:checking '/home/rptech/AGX_Orin_Backup/rover_project/ros2_ws/install/rover_description' for CMake module files
[4.200s] Level 1:colcon.colcon_core.environment:checking '/home/rptech/AGX_Orin_Backup/rover_project/ros2_ws/install/rover_description' for CMake config files
[4.202s] Level 1:colcon.colcon_core.environment:checking '/home/rptech/AGX_Orin_Backup/rover_project/ros2_ws/install/rover_description/lib'
[4.202s] Level 1:colcon.colcon_core.environment:checking '/home/rptech/AGX_Orin_Backup/rover_project/ros2_ws/install/rover_description/bin'
[4.202s] Level 1:colcon.colcon_core.environment:checking '/home/rptech/AGX_Orin_Backup/rover_project/ros2_ws/install/rover_description/lib/pkgconfig/rover_description.pc'
[4.203s] Level 1:colcon.colcon_core.environment:checking '/home/rptech/AGX_Orin_Backup/rover_project/ros2_ws/install/rover_description/lib/python3.10/site-packages'
[4.204s] Level 1:colcon.colcon_core.shell:create_environment_hook('rover_description', 'pythonpath')
[4.204s] INFO:colcon.colcon_core.shell:Creating environment hook '/home/rptech/AGX_Orin_Backup/rover_project/ros2_ws/install/rover_description/share/rover_description/hook/pythonpath.ps1'
[4.206s] INFO:colcon.colcon_core.shell:Creating environment descriptor '/home/rptech/AGX_Orin_Backup/rover_project/ros2_ws/install/rover_description/share/rover_description/hook/pythonpath.dsv'
[4.206s] INFO:colcon.colcon_core.shell:Creating environment hook '/home/rptech/AGX_Orin_Backup/rover_project/ros2_ws/install/rover_description/share/rover_description/hook/pythonpath.sh'
[4.208s] Level 1:colcon.colcon_core.environment:checking '/home/rptech/AGX_Orin_Backup/rover_project/ros2_ws/install/rover_description/bin'
[4.208s] Level 1:colcon.colcon_core.environment:create_environment_scripts_only(rover_description)
[4.209s] INFO:colcon.colcon_core.shell:Creating package script '/home/rptech/AGX_Orin_Backup/rover_project/ros2_ws/install/rover_description/share/rover_description/package.ps1'
[4.210s] INFO:colcon.colcon_core.shell:Creating package descriptor '/home/rptech/AGX_Orin_Backup/rover_project/ros2_ws/install/rover_description/share/rover_description/package.dsv'
[4.211s] INFO:colcon.colcon_core.shell:Creating package script '/home/rptech/AGX_Orin_Backup/rover_project/ros2_ws/install/rover_description/share/rover_description/package.sh'
[4.212s] INFO:colcon.colcon_core.shell:Creating package script '/home/rptech/AGX_Orin_Backup/rover_project/ros2_ws/install/rover_description/share/rover_description/package.bash'
[4.213s] INFO:colcon.colcon_core.shell:Creating package script '/home/rptech/AGX_Orin_Backup/rover_project/ros2_ws/install/rover_description/share/rover_description/package.zsh'
[4.213s] Level 1:colcon.colcon_core.environment:create_file_with_runtime_dependencies(/home/rptech/AGX_Orin_Backup/rover_project/ros2_ws/install/rover_description/share/colcon-core/packages/rover_description)
[4.215s] Level 1:colcon.colcon_core.shell:create_environment_hook('my_robot_bringup', 'pythonpath_develop')
[4.216s] INFO:colcon.colcon_core.shell:Creating environment hook '/home/rptech/AGX_Orin_Backup/rover_project/ros2_ws/build/my_robot_bringup/share/my_robot_bringup/hook/pythonpath_develop.ps1'
[4.217s] DEBUG:colcon.colcon_core.event_handler.log_command:Invoked command in '/home/rptech/AGX_Orin_Backup/rover_project/ros2_ws/build/my_robot_bringup' returned '0': PYTHONPATH=/home/rptech/AGX_Orin_Backup/rover_project/ros2_ws/build/my_robot_bringup/prefix_override:/usr/lib/python3/dist-packages/colcon_core/task/python/colcon_distutils_commands:/home/rptech/AGX_Orin_Backup/rover_project/ros2_ws/install/my_robot_bringup/lib/python3.10/site-packages:${PYTHONPATH} /usr/bin/python3 -W ignore:setup.py install is deprecated -W ignore:easy_install command is deprecated setup.py develop --editable --build-directory /home/rptech/AGX_Orin_Backup/rover_project/ros2_ws/build/my_robot_bringup/build --no-deps symlink_data
[4.218s] INFO:colcon.colcon_core.shell:Creating environment descriptor '/home/rptech/AGX_Orin_Backup/rover_project/ros2_ws/build/my_robot_bringup/share/my_robot_bringup/hook/pythonpath_develop.dsv'
[4.219s] INFO:colcon.colcon_core.shell:Creating environment hook '/home/rptech/AGX_Orin_Backup/rover_project/ros2_ws/build/my_robot_bringup/share/my_robot_bringup/hook/pythonpath_develop.sh'
[4.221s] Level 1:colcon.colcon_core.environment:checking '/home/rptech/AGX_Orin_Backup/rover_project/ros2_ws/install/my_robot_bringup' for CMake module files
[4.222s] Level 1:colcon.colcon_core.environment:checking '/home/rptech/AGX_Orin_Backup/rover_project/ros2_ws/install/my_robot_bringup' for CMake config files
[4.225s] Level 1:colcon.colcon_core.environment:checking '/home/rptech/AGX_Orin_Backup/rover_project/ros2_ws/install/my_robot_bringup/lib'
[4.225s] Level 1:colcon.colcon_core.environment:checking '/home/rptech/AGX_Orin_Backup/rover_project/ros2_ws/install/my_robot_bringup/bin'
[4.225s] Level 1:colcon.colcon_core.environment:checking '/home/rptech/AGX_Orin_Backup/rover_project/ros2_ws/install/my_robot_bringup/lib/pkgconfig/my_robot_bringup.pc'
[4.226s] Level 1:colcon.colcon_core.environment:checking '/home/rptech/AGX_Orin_Backup/rover_project/ros2_ws/install/my_robot_bringup/lib/python3.10/site-packages'
[4.226s] Level 1:colcon.colcon_core.shell:create_environment_hook('my_robot_bringup', 'pythonpath')
[4.227s] INFO:colcon.colcon_core.shell:Creating environment hook '/home/rptech/AGX_Orin_Backup/rover_project/ros2_ws/install/my_robot_bringup/share/my_robot_bringup/hook/pythonpath.ps1'
[4.228s] INFO:colcon.colcon_core.shell:Creating environment descriptor '/home/rptech/AGX_Orin_Backup/rover_project/ros2_ws/install/my_robot_bringup/share/my_robot_bringup/hook/pythonpath.dsv'
[4.229s] INFO:colcon.colcon_core.shell:Creating environment hook '/home/rptech/AGX_Orin_Backup/rover_project/ros2_ws/install/my_robot_bringup/share/my_robot_bringup/hook/pythonpath.sh'
[4.231s] Level 1:colcon.colcon_core.environment:checking '/home/rptech/AGX_Orin_Backup/rover_project/ros2_ws/install/my_robot_bringup/bin'
[4.231s] Level 1:colcon.colcon_core.environment:create_environment_scripts_only(my_robot_bringup)
[4.232s] INFO:colcon.colcon_core.shell:Creating package script '/home/rptech/AGX_Orin_Backup/rover_project/ros2_ws/install/my_robot_bringup/share/my_robot_bringup/package.ps1'
[4.233s] INFO:colcon.colcon_core.shell:Creating package descriptor '/home/rptech/AGX_Orin_Backup/rover_project/ros2_ws/install/my_robot_bringup/share/my_robot_bringup/package.dsv'
[4.235s] INFO:colcon.colcon_core.shell:Creating package script '/home/rptech/AGX_Orin_Backup/rover_project/ros2_ws/install/my_robot_bringup/share/my_robot_bringup/package.sh'
[4.236s] INFO:colcon.colcon_core.shell:Creating package script '/home/rptech/AGX_Orin_Backup/rover_project/ros2_ws/install/my_robot_bringup/share/my_robot_bringup/package.bash'
[4.237s] INFO:colcon.colcon_core.shell:Creating package script '/home/rptech/AGX_Orin_Backup/rover_project/ros2_ws/install/my_robot_bringup/share/my_robot_bringup/package.zsh'
[4.238s] Level 1:colcon.colcon_core.environment:create_file_with_runtime_dependencies(/home/rptech/AGX_Orin_Backup/rover_project/ros2_ws/install/my_robot_bringup/share/colcon-core/packages/my_robot_bringup)
[4.239s] DEBUG:colcon.colcon_parallel_executor.executor.parallel:closing loop
[4.239s] DEBUG:colcon.colcon_parallel_executor.executor.parallel:loop closed
[4.240s] DEBUG:colcon.colcon_parallel_executor.executor.parallel:run_until_complete finished with '0'
[4.240s] DEBUG:colcon.colcon_core.event_reactor:joining thread
[4.259s] INFO:colcon.colcon_core.plugin_system:Skipping extension 'colcon_notification.desktop_notification.terminal_notifier': Not used on non-Darwin systems
[4.259s] INFO:colcon.colcon_core.plugin_system:Skipping extension 'colcon_notification.desktop_notification.win32': Not used on non-Windows systems
[4.259s] INFO:colcon.colcon_notification.desktop_notification:Sending desktop notification using 'notify2'
[4.287s] DEBUG:colcon.colcon_notification.desktop_notification.notify2:Failed to initialize notify2: org.freedesktop.DBus.Error.Spawn.ChildExited: Process org.freedesktop.Notifications exited with status 1
[4.288s] DEBUG:colcon.colcon_core.event_reactor:joined thread
[4.288s] INFO:colcon.colcon_core.shell:Creating prefix script '/home/rptech/AGX_Orin_Backup/rover_project/ros2_ws/install/local_setup.ps1'
[4.293s] INFO:colcon.colcon_core.shell:Creating prefix util module '/home/rptech/AGX_Orin_Backup/rover_project/ros2_ws/install/_local_setup_util_ps1.py'
[4.298s] INFO:colcon.colcon_core.shell:Creating prefix chain script '/home/rptech/AGX_Orin_Backup/rover_project/ros2_ws/install/setup.ps1'
[4.303s] INFO:colcon.colcon_core.shell:Creating prefix script '/home/rptech/AGX_Orin_Backup/rover_project/ros2_ws/install/local_setup.sh'
[4.306s] INFO:colcon.colcon_core.shell:Creating prefix util module '/home/rptech/AGX_Orin_Backup/rover_project/ros2_ws/install/_local_setup_util_sh.py'
[4.308s] INFO:colcon.colcon_core.shell:Creating prefix chain script '/home/rptech/AGX_Orin_Backup/rover_project/ros2_ws/install/setup.sh'
[4.313s] INFO:colcon.colcon_core.shell:Creating prefix script '/home/rptech/AGX_Orin_Backup/rover_project/ros2_ws/install/local_setup.bash'
[4.315s] INFO:colcon.colcon_core.shell:Creating prefix chain script '/home/rptech/AGX_Orin_Backup/rover_project/ros2_ws/install/setup.bash'
[4.320s] INFO:colcon.colcon_core.shell:Creating prefix script '/home/rptech/AGX_Orin_Backup/rover_project/ros2_ws/install/local_setup.zsh'
[4.322s] INFO:colcon.colcon_core.shell:Creating prefix chain script '/home/rptech/AGX_Orin_Backup/rover_project/ros2_ws/install/setup.zsh'
