[0.165s] DEBUG:colcon:Command line arguments: ['/usr/bin/colcon', 'build', '--symlink-install', '--packages-select', 'rover_core', 'my_robot_bringup']
[0.166s] DEBUG:colcon:Parsed command line arguments: Namespace(log_base=None, log_level=None, verb_name='build', build_base='build', install_base='install', merge_install=False, symlink_install=True, test_result_base=None, continue_on_error=False, executor='parallel', parallel_workers=12, event_handlers=None, ignore_user_meta=False, metas=['./colcon.meta'], base_paths=['.'], packages_ignore=None, packages_ignore_regex=None, paths=None, packages_up_to=None, packages_up_to_regex=None, packages_above=None, packages_above_and_dependencies=None, packages_above_depth=None, packages_select_by_dep=None, packages_skip_by_dep=None, packages_skip_up_to=None, packages_select_build_failed=False, packages_skip_build_finished=False, packages_select_test_failures=False, packages_skip_test_passed=False, packages_select=['rover_core', 'my_robot_bringup'], packages_skip=None, packages_select_regex=None, packages_skip_regex=None, packages_start=None, packages_end=None, allow_overriding=[], cmake_args=None, cmake_target=None, cmake_target_skip_unavailable=False, cmake_clean_cache=False, cmake_clean_first=False, cmake_force_configure=False, ament_cmake_args=None, catkin_cmake_args=None, catkin_skip_building_tests=False, mixin_files=None, mixin=None, verb_parser=<colcon_mixin.mixin.mixin_argument.MixinArgumentDecorator object at 0xffff7e9c8370>, verb_extension=<colcon_core.verb.build.BuildVerb object at 0xffff7e98fc40>, main=<bound method BuildVerb.main of <colcon_core.verb.build.BuildVerb object at 0xffff7e98fc40>>, mixin_verb=('build',))
[0.224s] Level 1:colcon.colcon_core.package_discovery:discover_packages(colcon_meta) check parameters
[0.224s] Level 1:colcon.colcon_core.package_discovery:discover_packages(recursive) check parameters
[0.224s] Level 1:colcon.colcon_core.package_discovery:discover_packages(ignore) check parameters
[0.224s] Level 1:colcon.colcon_core.package_discovery:discover_packages(path) check parameters
[0.224s] Level 1:colcon.colcon_core.package_discovery:discover_packages(colcon_meta) discover
[0.224s] Level 1:colcon.colcon_core.package_discovery:discover_packages(recursive) discover
[0.224s] INFO:colcon.colcon_core.package_discovery:Crawling recursively for packages in '/home/rptech/AGX_Orin_Backup/rover_project/ros2_ws'
[0.225s] Level 1:colcon.colcon_core.package_identification:_identify(.) by extensions ['ignore', 'ignore_ament_install']
[0.225s] Level 1:colcon.colcon_core.package_identification:_identify(.) by extension 'ignore'
[0.225s] Level 1:colcon.colcon_core.package_identification:_identify(.) by extension 'ignore_ament_install'
[0.225s] Level 1:colcon.colcon_core.package_identification:_identify(.) by extensions ['colcon_pkg']
[0.225s] Level 1:colcon.colcon_core.package_identification:_identify(.) by extension 'colcon_pkg'
[0.225s] Level 1:colcon.colcon_core.package_identification:_identify(.) by extensions ['colcon_meta']
[0.225s] Level 1:colcon.colcon_core.package_identification:_identify(.) by extension 'colcon_meta'
[0.225s] Level 1:colcon.colcon_core.package_identification:_identify(.) by extensions ['ros']
[0.225s] Level 1:colcon.colcon_core.package_identification:_identify(.) by extension 'ros'
[0.268s] Level 1:colcon.colcon_core.package_identification:_identify(.) by extensions ['cmake', 'python']
[0.268s] Level 1:colcon.colcon_core.package_identification:_identify(.) by extension 'cmake'
[0.268s] Level 1:colcon.colcon_core.package_identification:_identify(.) by extension 'python'
[0.268s] Level 1:colcon.colcon_core.package_identification:_identify(.) by extensions ['python_setup_py']
[0.268s] Level 1:colcon.colcon_core.package_identification:_identify(.) by extension 'python_setup_py'
[0.268s] Level 1:colcon.colcon_core.package_identification:_identify(build) by extensions ['ignore', 'ignore_ament_install']
[0.268s] Level 1:colcon.colcon_core.package_identification:_identify(build) by extension 'ignore'
[0.268s] Level 1:colcon.colcon_core.package_identification:_identify(build) ignored
[0.269s] Level 1:colcon.colcon_core.package_identification:_identify(install) by extensions ['ignore', 'ignore_ament_install']
[0.269s] Level 1:colcon.colcon_core.package_identification:_identify(install) by extension 'ignore'
[0.269s] Level 1:colcon.colcon_core.package_identification:_identify(install) ignored
[0.269s] Level 1:colcon.colcon_core.package_identification:_identify(log) by extensions ['ignore', 'ignore_ament_install']
[0.269s] Level 1:colcon.colcon_core.package_identification:_identify(log) by extension 'ignore'
[0.269s] Level 1:colcon.colcon_core.package_identification:_identify(log) ignored
[0.269s] Level 1:colcon.colcon_core.package_identification:_identify(src) by extensions ['ignore', 'ignore_ament_install']
[0.269s] Level 1:colcon.colcon_core.package_identification:_identify(src) by extension 'ignore'
[0.270s] Level 1:colcon.colcon_core.package_identification:_identify(src) by extension 'ignore_ament_install'
[0.270s] Level 1:colcon.colcon_core.package_identification:_identify(src) by extensions ['colcon_pkg']
[0.270s] Level 1:colcon.colcon_core.package_identification:_identify(src) by extension 'colcon_pkg'
[0.270s] Level 1:colcon.colcon_core.package_identification:_identify(src) by extensions ['colcon_meta']
[0.270s] Level 1:colcon.colcon_core.package_identification:_identify(src) by extension 'colcon_meta'
[0.270s] Level 1:colcon.colcon_core.package_identification:_identify(src) by extensions ['ros']
[0.270s] Level 1:colcon.colcon_core.package_identification:_identify(src) by extension 'ros'
[0.270s] Level 1:colcon.colcon_core.package_identification:_identify(src) by extensions ['cmake', 'python']
[0.270s] Level 1:colcon.colcon_core.package_identification:_identify(src) by extension 'cmake'
[0.270s] Level 1:colcon.colcon_core.package_identification:_identify(src) by extension 'python'
[0.270s] Level 1:colcon.colcon_core.package_identification:_identify(src) by extensions ['python_setup_py']
[0.270s] Level 1:colcon.colcon_core.package_identification:_identify(src) by extension 'python_setup_py'
[0.270s] Level 1:colcon.colcon_core.package_identification:_identify(src/my_robot_bringup) by extensions ['ignore', 'ignore_ament_install']
[0.271s] Level 1:colcon.colcon_core.package_identification:_identify(src/my_robot_bringup) by extension 'ignore'
[0.271s] Level 1:colcon.colcon_core.package_identification:_identify(src/my_robot_bringup) by extension 'ignore_ament_install'
[0.271s] Level 1:colcon.colcon_core.package_identification:_identify(src/my_robot_bringup) by extensions ['colcon_pkg']
[0.271s] Level 1:colcon.colcon_core.package_identification:_identify(src/my_robot_bringup) by extension 'colcon_pkg'
[0.271s] Level 1:colcon.colcon_core.package_identification:_identify(src/my_robot_bringup) by extensions ['colcon_meta']
[0.271s] Level 1:colcon.colcon_core.package_identification:_identify(src/my_robot_bringup) by extension 'colcon_meta'
[0.271s] Level 1:colcon.colcon_core.package_identification:_identify(src/my_robot_bringup) by extensions ['ros']
[0.271s] Level 1:colcon.colcon_core.package_identification:_identify(src/my_robot_bringup) by extension 'ros'
[0.274s] DEBUG:colcon.colcon_core.package_identification:Package 'src/my_robot_bringup' with type 'ros.ament_python' and name 'my_robot_bringup'
[0.274s] Level 1:colcon.colcon_core.package_identification:_identify(src/rover_core) by extensions ['ignore', 'ignore_ament_install']
[0.275s] Level 1:colcon.colcon_core.package_identification:_identify(src/rover_core) by extension 'ignore'
[0.275s] Level 1:colcon.colcon_core.package_identification:_identify(src/rover_core) by extension 'ignore_ament_install'
[0.275s] Level 1:colcon.colcon_core.package_identification:_identify(src/rover_core) by extensions ['colcon_pkg']
[0.275s] Level 1:colcon.colcon_core.package_identification:_identify(src/rover_core) by extension 'colcon_pkg'
[0.275s] Level 1:colcon.colcon_core.package_identification:_identify(src/rover_core) by extensions ['colcon_meta']
[0.275s] Level 1:colcon.colcon_core.package_identification:_identify(src/rover_core) by extension 'colcon_meta'
[0.275s] Level 1:colcon.colcon_core.package_identification:_identify(src/rover_core) by extensions ['ros']
[0.275s] Level 1:colcon.colcon_core.package_identification:_identify(src/rover_core) by extension 'ros'
[0.276s] DEBUG:colcon.colcon_core.package_identification:Package 'src/rover_core' with type 'ros.ament_python' and name 'rover_core'
[0.276s] Level 1:colcon.colcon_core.package_identification:_identify(src/rover_description) by extensions ['ignore', 'ignore_ament_install']
[0.277s] Level 1:colcon.colcon_core.package_identification:_identify(src/rover_description) by extension 'ignore'
[0.277s] Level 1:colcon.colcon_core.package_identification:_identify(src/rover_description) by extension 'ignore_ament_install'
[0.277s] Level 1:colcon.colcon_core.package_identification:_identify(src/rover_description) by extensions ['colcon_pkg']
[0.277s] Level 1:colcon.colcon_core.package_identification:_identify(src/rover_description) by extension 'colcon_pkg'
[0.277s] Level 1:colcon.colcon_core.package_identification:_identify(src/rover_description) by extensions ['colcon_meta']
[0.277s] Level 1:colcon.colcon_core.package_identification:_identify(src/rover_description) by extension 'colcon_meta'
[0.277s] Level 1:colcon.colcon_core.package_identification:_identify(src/rover_description) by extensions ['ros']
[0.277s] Level 1:colcon.colcon_core.package_identification:_identify(src/rover_description) by extension 'ros'
[0.278s] DEBUG:colcon.colcon_core.package_identification:Package 'src/rover_description' with type 'ros.ament_python' and name 'rover_description'
[0.278s] Level 1:colcon.colcon_core.package_identification:_identify(src/rplidar_ros) by extensions ['ignore', 'ignore_ament_install']
[0.278s] Level 1:colcon.colcon_core.package_identification:_identify(src/rplidar_ros) by extension 'ignore'
[0.278s] Level 1:colcon.colcon_core.package_identification:_identify(src/rplidar_ros) by extension 'ignore_ament_install'
[0.278s] Level 1:colcon.colcon_core.package_identification:_identify(src/rplidar_ros) by extensions ['colcon_pkg']
[0.278s] Level 1:colcon.colcon_core.package_identification:_identify(src/rplidar_ros) by extension 'colcon_pkg'
[0.278s] Level 1:colcon.colcon_core.package_identification:_identify(src/rplidar_ros) by extensions ['colcon_meta']
[0.278s] Level 1:colcon.colcon_core.package_identification:_identify(src/rplidar_ros) by extension 'colcon_meta'
[0.278s] Level 1:colcon.colcon_core.package_identification:_identify(src/rplidar_ros) by extensions ['ros']
[0.278s] Level 1:colcon.colcon_core.package_identification:_identify(src/rplidar_ros) by extension 'ros'
[0.279s] DEBUG:colcon.colcon_core.package_identification:Package 'src/rplidar_ros' with type 'ros.ament_cmake' and name 'rplidar_ros'
[0.279s] Level 1:colcon.colcon_core.package_identification:_identify(src/sllidar_ros2) by extensions ['ignore', 'ignore_ament_install']
[0.279s] Level 1:colcon.colcon_core.package_identification:_identify(src/sllidar_ros2) by extension 'ignore'
[0.280s] Level 1:colcon.colcon_core.package_identification:_identify(src/sllidar_ros2) by extension 'ignore_ament_install'
[0.280s] Level 1:colcon.colcon_core.package_identification:_identify(src/sllidar_ros2) by extensions ['colcon_pkg']
[0.280s] Level 1:colcon.colcon_core.package_identification:_identify(src/sllidar_ros2) by extension 'colcon_pkg'
[0.280s] Level 1:colcon.colcon_core.package_identification:_identify(src/sllidar_ros2) by extensions ['colcon_meta']
[0.280s] Level 1:colcon.colcon_core.package_identification:_identify(src/sllidar_ros2) by extension 'colcon_meta'
[0.280s] Level 1:colcon.colcon_core.package_identification:_identify(src/sllidar_ros2) by extensions ['ros']
[0.280s] Level 1:colcon.colcon_core.package_identification:_identify(src/sllidar_ros2) by extension 'ros'
[0.281s] DEBUG:colcon.colcon_core.package_identification:Package 'src/sllidar_ros2' with type 'ros.ament_cmake' and name 'sllidar_ros2'
[0.281s] Level 1:colcon.colcon_core.package_discovery:discover_packages(recursive) using defaults
[0.281s] Level 1:colcon.colcon_core.package_discovery:discover_packages(ignore) discover
[0.281s] Level 1:colcon.colcon_core.package_discovery:discover_packages(ignore) using defaults
[0.281s] Level 1:colcon.colcon_core.package_discovery:discover_packages(path) discover
[0.281s] Level 1:colcon.colcon_core.package_discovery:discover_packages(path) using defaults
[0.309s] INFO:colcon.colcon_core.package_selection:Skipping not selected package 'rover_description' in 'src/rover_description'
[0.309s] INFO:colcon.colcon_core.package_selection:Skipping not selected package 'rplidar_ros' in 'src/rplidar_ros'
[0.309s] INFO:colcon.colcon_core.package_selection:Skipping not selected package 'sllidar_ros2' in 'src/sllidar_ros2'
[0.310s] Level 1:colcon.colcon_core.package_discovery:discover_packages(prefix_path) check parameters
[0.310s] Level 1:colcon.colcon_core.package_discovery:discover_packages(prefix_path) discover
[0.312s] DEBUG:colcon.colcon_installed_package_information.package_discovery:Found 3 installed packages in /home/rptech/microros_ws/install
[0.314s] DEBUG:colcon.colcon_installed_package_information.package_discovery:Found 272 installed packages in /opt/ros/humble
[0.316s] Level 1:colcon.colcon_core.package_discovery:discover_packages(prefix_path) using defaults
[0.387s] Level 5:colcon.colcon_core.verb:set package 'my_robot_bringup' build argument 'cmake_args' from command line to 'None'
[0.388s] Level 5:colcon.colcon_core.verb:set package 'my_robot_bringup' build argument 'cmake_target' from command line to 'None'
[0.388s] Level 5:colcon.colcon_core.verb:set package 'my_robot_bringup' build argument 'cmake_target_skip_unavailable' from command line to 'False'
[0.388s] Level 5:colcon.colcon_core.verb:set package 'my_robot_bringup' build argument 'cmake_clean_cache' from command line to 'False'
[0.388s] Level 5:colcon.colcon_core.verb:set package 'my_robot_bringup' build argument 'cmake_clean_first' from command line to 'False'
[0.388s] Level 5:colcon.colcon_core.verb:set package 'my_robot_bringup' build argument 'cmake_force_configure' from command line to 'False'
[0.388s] Level 5:colcon.colcon_core.verb:set package 'my_robot_bringup' build argument 'ament_cmake_args' from command line to 'None'
[0.388s] Level 5:colcon.colcon_core.verb:set package 'my_robot_bringup' build argument 'catkin_cmake_args' from command line to 'None'
[0.388s] Level 5:colcon.colcon_core.verb:set package 'my_robot_bringup' build argument 'catkin_skip_building_tests' from command line to 'False'
[0.388s] DEBUG:colcon.colcon_core.verb:Building package 'my_robot_bringup' with the following arguments: {'ament_cmake_args': None, 'build_base': '/home/rptech/AGX_Orin_Backup/rover_project/ros2_ws/build/my_robot_bringup', 'catkin_cmake_args': None, 'catkin_skip_building_tests': False, 'cmake_args': None, 'cmake_clean_cache': False, 'cmake_clean_first': False, 'cmake_force_configure': False, 'cmake_target': None, 'cmake_target_skip_unavailable': False, 'install_base': '/home/rptech/AGX_Orin_Backup/rover_project/ros2_ws/install/my_robot_bringup', 'merge_install': False, 'path': '/home/rptech/AGX_Orin_Backup/rover_project/ros2_ws/src/my_robot_bringup', 'symlink_install': True, 'test_result_base': None}
[0.388s] Level 5:colcon.colcon_core.verb:set package 'rover_core' build argument 'cmake_args' from command line to 'None'
[0.389s] Level 5:colcon.colcon_core.verb:set package 'rover_core' build argument 'cmake_target' from command line to 'None'
[0.389s] Level 5:colcon.colcon_core.verb:set package 'rover_core' build argument 'cmake_target_skip_unavailable' from command line to 'False'
[0.389s] Level 5:colcon.colcon_core.verb:set package 'rover_core' build argument 'cmake_clean_cache' from command line to 'False'
[0.389s] Level 5:colcon.colcon_core.verb:set package 'rover_core' build argument 'cmake_clean_first' from command line to 'False'
[0.389s] Level 5:colcon.colcon_core.verb:set package 'rover_core' build argument 'cmake_force_configure' from command line to 'False'
[0.389s] Level 5:colcon.colcon_core.verb:set package 'rover_core' build argument 'ament_cmake_args' from command line to 'None'
[0.389s] Level 5:colcon.colcon_core.verb:set package 'rover_core' build argument 'catkin_cmake_args' from command line to 'None'
[0.389s] Level 5:colcon.colcon_core.verb:set package 'rover_core' build argument 'catkin_skip_building_tests' from command line to 'False'
[0.389s] DEBUG:colcon.colcon_core.verb:Building package 'rover_core' with the following arguments: {'ament_cmake_args': None, 'build_base': '/home/rptech/AGX_Orin_Backup/rover_project/ros2_ws/build/rover_core', 'catkin_cmake_args': None, 'catkin_skip_building_tests': False, 'cmake_args': None, 'cmake_clean_cache': False, 'cmake_clean_first': False, 'cmake_force_configure': False, 'cmake_target': None, 'cmake_target_skip_unavailable': False, 'install_base': '/home/rptech/AGX_Orin_Backup/rover_project/ros2_ws/install/rover_core', 'merge_install': False, 'path': '/home/rptech/AGX_Orin_Backup/rover_project/ros2_ws/src/rover_core', 'symlink_install': True, 'test_result_base': None}
[0.389s] INFO:colcon.colcon_core.executor:Executing jobs using 'parallel' executor
[0.391s] DEBUG:colcon.colcon_parallel_executor.executor.parallel:run_until_complete
[0.391s] INFO:colcon.colcon_ros.task.ament_python.build:Building ROS package in '/home/rptech/AGX_Orin_Backup/rover_project/ros2_ws/src/my_robot_bringup' with build type 'ament_python'
[0.391s] Level 1:colcon.colcon_core.shell:create_environment_hook('my_robot_bringup', 'ament_prefix_path')
[0.394s] INFO:colcon.colcon_core.plugin_system:Skipping extension 'colcon_core.shell.bat': Not used on non-Windows systems
[0.395s] INFO:colcon.colcon_core.shell:Creating environment hook '/home/rptech/AGX_Orin_Backup/rover_project/ros2_ws/install/my_robot_bringup/share/my_robot_bringup/hook/ament_prefix_path.ps1'
[0.396s] INFO:colcon.colcon_core.shell:Creating environment descriptor '/home/rptech/AGX_Orin_Backup/rover_project/ros2_ws/install/my_robot_bringup/share/my_robot_bringup/hook/ament_prefix_path.dsv'
[0.397s] INFO:colcon.colcon_core.shell:Creating environment hook '/home/rptech/AGX_Orin_Backup/rover_project/ros2_ws/install/my_robot_bringup/share/my_robot_bringup/hook/ament_prefix_path.sh'
[0.398s] INFO:colcon.colcon_core.shell:Skip shell extension 'powershell' for command environment: Not usable outside of PowerShell
[0.398s] DEBUG:colcon.colcon_core.shell:Skip shell extension 'dsv' for command environment
[0.402s] INFO:colcon.colcon_ros.task.ament_python.build:Building ROS package in '/home/rptech/AGX_Orin_Backup/rover_project/ros2_ws/src/rover_core' with build type 'ament_python'
[0.403s] Level 1:colcon.colcon_core.shell:create_environment_hook('rover_core', 'ament_prefix_path')
[0.403s] INFO:colcon.colcon_core.shell:Creating environment hook '/home/rptech/AGX_Orin_Backup/rover_project/ros2_ws/install/rover_core/share/rover_core/hook/ament_prefix_path.ps1'
[0.404s] INFO:colcon.colcon_core.shell:Creating environment descriptor '/home/rptech/AGX_Orin_Backup/rover_project/ros2_ws/install/rover_core/share/rover_core/hook/ament_prefix_path.dsv'
[0.404s] INFO:colcon.colcon_core.shell:Creating environment hook '/home/rptech/AGX_Orin_Backup/rover_project/ros2_ws/install/rover_core/share/rover_core/hook/ament_prefix_path.sh'
[0.405s] INFO:colcon.colcon_core.shell:Skip shell extension 'powershell' for command environment: Not usable outside of PowerShell
[0.405s] DEBUG:colcon.colcon_core.shell:Skip shell extension 'dsv' for command environment
[0.777s] INFO:colcon.colcon_core.task.python.build:Building Python package in '/home/rptech/AGX_Orin_Backup/rover_project/ros2_ws/src/my_robot_bringup'
[0.778s] INFO:colcon.colcon_core.shell:Skip shell extension 'powershell' for command environment: Not usable outside of PowerShell
[0.778s] DEBUG:colcon.colcon_core.shell:Skip shell extension 'dsv' for command environment
[1.139s] INFO:colcon.colcon_core.task.python.build:Building Python package in '/home/rptech/AGX_Orin_Backup/rover_project/ros2_ws/src/rover_core'
[1.140s] INFO:colcon.colcon_core.shell:Skip shell extension 'powershell' for command environment: Not usable outside of PowerShell
[1.140s] DEBUG:colcon.colcon_core.shell:Skip shell extension 'dsv' for command environment
[2.080s] DEBUG:colcon.colcon_core.event_handler.log_command:Invoking command in '/home/rptech/AGX_Orin_Backup/rover_project/ros2_ws/build/my_robot_bringup': PYTHONPATH=/home/rptech/AGX_Orin_Backup/rover_project/ros2_ws/build/my_robot_bringup/prefix_override:/usr/lib/python3/dist-packages/colcon_core/task/python/colcon_distutils_commands:/home/rptech/AGX_Orin_Backup/rover_project/ros2_ws/install/my_robot_bringup/lib/python3.10/site-packages:${PYTHONPATH} /usr/bin/python3 -W ignore:setup.py install is deprecated -W ignore:easy_install command is deprecated setup.py develop --editable --build-directory /home/rptech/AGX_Orin_Backup/rover_project/ros2_ws/build/my_robot_bringup/build --no-deps symlink_data
[2.085s] DEBUG:colcon.colcon_core.event_handler.log_command:Invoking command in '/home/rptech/AGX_Orin_Backup/rover_project/ros2_ws/build/rover_core': PYTHONPATH=/home/rptech/AGX_Orin_Backup/rover_project/ros2_ws/build/rover_core/prefix_override:/usr/lib/python3/dist-packages/colcon_core/task/python/colcon_distutils_commands:/home/rptech/AGX_Orin_Backup/rover_project/ros2_ws/install/rover_core/lib/python3.10/site-packages:${PYTHONPATH} /usr/bin/python3 -W ignore:setup.py install is deprecated -W ignore:easy_install command is deprecated setup.py develop --editable --build-directory /home/rptech/AGX_Orin_Backup/rover_project/ros2_ws/build/rover_core/build --no-deps symlink_data
[3.310s] Level 1:colcon.colcon_core.shell:create_environment_hook('my_robot_bringup', 'pythonpath_develop')
[3.311s] INFO:colcon.colcon_core.shell:Creating environment hook '/home/rptech/AGX_Orin_Backup/rover_project/ros2_ws/build/my_robot_bringup/share/my_robot_bringup/hook/pythonpath_develop.ps1'
[3.312s] DEBUG:colcon.colcon_core.event_handler.log_command:Invoked command in '/home/rptech/AGX_Orin_Backup/rover_project/ros2_ws/build/my_robot_bringup' returned '0': PYTHONPATH=/home/rptech/AGX_Orin_Backup/rover_project/ros2_ws/build/my_robot_bringup/prefix_override:/usr/lib/python3/dist-packages/colcon_core/task/python/colcon_distutils_commands:/home/rptech/AGX_Orin_Backup/rover_project/ros2_ws/install/my_robot_bringup/lib/python3.10/site-packages:${PYTHONPATH} /usr/bin/python3 -W ignore:setup.py install is deprecated -W ignore:easy_install command is deprecated setup.py develop --editable --build-directory /home/rptech/AGX_Orin_Backup/rover_project/ros2_ws/build/my_robot_bringup/build --no-deps symlink_data
[3.314s] INFO:colcon.colcon_core.shell:Creating environment descriptor '/home/rptech/AGX_Orin_Backup/rover_project/ros2_ws/build/my_robot_bringup/share/my_robot_bringup/hook/pythonpath_develop.dsv'
[3.315s] INFO:colcon.colcon_core.shell:Creating environment hook '/home/rptech/AGX_Orin_Backup/rover_project/ros2_ws/build/my_robot_bringup/share/my_robot_bringup/hook/pythonpath_develop.sh'
[3.325s] Level 1:colcon.colcon_core.environment:checking '/home/rptech/AGX_Orin_Backup/rover_project/ros2_ws/install/my_robot_bringup' for CMake module files
[3.327s] Level 1:colcon.colcon_core.environment:checking '/home/rptech/AGX_Orin_Backup/rover_project/ros2_ws/install/my_robot_bringup' for CMake config files
[3.330s] Level 1:colcon.colcon_core.environment:checking '/home/rptech/AGX_Orin_Backup/rover_project/ros2_ws/install/my_robot_bringup/lib'
[3.331s] Level 1:colcon.colcon_core.environment:checking '/home/rptech/AGX_Orin_Backup/rover_project/ros2_ws/install/my_robot_bringup/bin'
[3.331s] Level 1:colcon.colcon_core.environment:checking '/home/rptech/AGX_Orin_Backup/rover_project/ros2_ws/install/my_robot_bringup/lib/pkgconfig/my_robot_bringup.pc'
[3.332s] Level 1:colcon.colcon_core.environment:checking '/home/rptech/AGX_Orin_Backup/rover_project/ros2_ws/install/my_robot_bringup/lib/python3.10/site-packages'
[3.332s] Level 1:colcon.colcon_core.shell:create_environment_hook('my_robot_bringup', 'pythonpath')
[3.333s] INFO:colcon.colcon_core.shell:Creating environment hook '/home/rptech/AGX_Orin_Backup/rover_project/ros2_ws/install/my_robot_bringup/share/my_robot_bringup/hook/pythonpath.ps1'
[3.335s] INFO:colcon.colcon_core.shell:Creating environment descriptor '/home/rptech/AGX_Orin_Backup/rover_project/ros2_ws/install/my_robot_bringup/share/my_robot_bringup/hook/pythonpath.dsv'
[3.336s] INFO:colcon.colcon_core.shell:Creating environment hook '/home/rptech/AGX_Orin_Backup/rover_project/ros2_ws/install/my_robot_bringup/share/my_robot_bringup/hook/pythonpath.sh'
[3.339s] Level 1:colcon.colcon_core.environment:checking '/home/rptech/AGX_Orin_Backup/rover_project/ros2_ws/install/my_robot_bringup/bin'
[3.339s] Level 1:colcon.colcon_core.environment:create_environment_scripts_only(my_robot_bringup)
[3.341s] INFO:colcon.colcon_core.shell:Creating package script '/home/rptech/AGX_Orin_Backup/rover_project/ros2_ws/install/my_robot_bringup/share/my_robot_bringup/package.ps1'
[3.345s] INFO:colcon.colcon_core.shell:Creating package descriptor '/home/rptech/AGX_Orin_Backup/rover_project/ros2_ws/install/my_robot_bringup/share/my_robot_bringup/package.dsv'
[3.347s] INFO:colcon.colcon_core.shell:Creating package script '/home/rptech/AGX_Orin_Backup/rover_project/ros2_ws/install/my_robot_bringup/share/my_robot_bringup/package.sh'
[3.350s] INFO:colcon.colcon_core.shell:Creating package script '/home/rptech/AGX_Orin_Backup/rover_project/ros2_ws/install/my_robot_bringup/share/my_robot_bringup/package.bash'
[3.353s] INFO:colcon.colcon_core.shell:Creating package script '/home/rptech/AGX_Orin_Backup/rover_project/ros2_ws/install/my_robot_bringup/share/my_robot_bringup/package.zsh'
[3.355s] Level 1:colcon.colcon_core.environment:create_file_with_runtime_dependencies(/home/rptech/AGX_Orin_Backup/rover_project/ros2_ws/install/my_robot_bringup/share/colcon-core/packages/my_robot_bringup)
[3.358s] Level 1:colcon.colcon_core.shell:create_environment_hook('rover_core', 'pythonpath_develop')
[3.359s] INFO:colcon.colcon_core.shell:Creating environment hook '/home/rptech/AGX_Orin_Backup/rover_project/ros2_ws/build/rover_core/share/rover_core/hook/pythonpath_develop.ps1'
[3.361s] DEBUG:colcon.colcon_core.event_handler.log_command:Invoked command in '/home/rptech/AGX_Orin_Backup/rover_project/ros2_ws/build/rover_core' returned '0': PYTHONPATH=/home/rptech/AGX_Orin_Backup/rover_project/ros2_ws/build/rover_core/prefix_override:/usr/lib/python3/dist-packages/colcon_core/task/python/colcon_distutils_commands:/home/rptech/AGX_Orin_Backup/rover_project/ros2_ws/install/rover_core/lib/python3.10/site-packages:${PYTHONPATH} /usr/bin/python3 -W ignore:setup.py install is deprecated -W ignore:easy_install command is deprecated setup.py develop --editable --build-directory /home/rptech/AGX_Orin_Backup/rover_project/ros2_ws/build/rover_core/build --no-deps symlink_data
[3.361s] INFO:colcon.colcon_core.shell:Creating environment descriptor '/home/rptech/AGX_Orin_Backup/rover_project/ros2_ws/build/rover_core/share/rover_core/hook/pythonpath_develop.dsv'
[3.363s] INFO:colcon.colcon_core.shell:Creating environment hook '/home/rptech/AGX_Orin_Backup/rover_project/ros2_ws/build/rover_core/share/rover_core/hook/pythonpath_develop.sh'
[3.365s] Level 1:colcon.colcon_core.environment:checking '/home/rptech/AGX_Orin_Backup/rover_project/ros2_ws/install/rover_core' for CMake module files
[3.366s] Level 1:colcon.colcon_core.environment:checking '/home/rptech/AGX_Orin_Backup/rover_project/ros2_ws/install/rover_core' for CMake config files
[3.368s] Level 1:colcon.colcon_core.environment:checking '/home/rptech/AGX_Orin_Backup/rover_project/ros2_ws/install/rover_core/lib'
[3.368s] Level 1:colcon.colcon_core.environment:checking '/home/rptech/AGX_Orin_Backup/rover_project/ros2_ws/install/rover_core/bin'
[3.369s] Level 1:colcon.colcon_core.environment:checking '/home/rptech/AGX_Orin_Backup/rover_project/ros2_ws/install/rover_core/lib/pkgconfig/rover_core.pc'
[3.370s] Level 1:colcon.colcon_core.environment:checking '/home/rptech/AGX_Orin_Backup/rover_project/ros2_ws/install/rover_core/lib/python3.10/site-packages'
[3.370s] Level 1:colcon.colcon_core.shell:create_environment_hook('rover_core', 'pythonpath')
[3.371s] INFO:colcon.colcon_core.shell:Creating environment hook '/home/rptech/AGX_Orin_Backup/rover_project/ros2_ws/install/rover_core/share/rover_core/hook/pythonpath.ps1'
[3.372s] INFO:colcon.colcon_core.shell:Creating environment descriptor '/home/rptech/AGX_Orin_Backup/rover_project/ros2_ws/install/rover_core/share/rover_core/hook/pythonpath.dsv'
[3.374s] INFO:colcon.colcon_core.shell:Creating environment hook '/home/rptech/AGX_Orin_Backup/rover_project/ros2_ws/install/rover_core/share/rover_core/hook/pythonpath.sh'
[3.376s] Level 1:colcon.colcon_core.environment:checking '/home/rptech/AGX_Orin_Backup/rover_project/ros2_ws/install/rover_core/bin'
[3.377s] Level 1:colcon.colcon_core.environment:create_environment_scripts_only(rover_core)
[3.378s] INFO:colcon.colcon_core.shell:Creating package script '/home/rptech/AGX_Orin_Backup/rover_project/ros2_ws/install/rover_core/share/rover_core/package.ps1'
[3.380s] INFO:colcon.colcon_core.shell:Creating package descriptor '/home/rptech/AGX_Orin_Backup/rover_project/ros2_ws/install/rover_core/share/rover_core/package.dsv'
[3.382s] INFO:colcon.colcon_core.shell:Creating package script '/home/rptech/AGX_Orin_Backup/rover_project/ros2_ws/install/rover_core/share/rover_core/package.sh'
[3.384s] INFO:colcon.colcon_core.shell:Creating package script '/home/rptech/AGX_Orin_Backup/rover_project/ros2_ws/install/rover_core/share/rover_core/package.bash'
[3.385s] INFO:colcon.colcon_core.shell:Creating package script '/home/rptech/AGX_Orin_Backup/rover_project/ros2_ws/install/rover_core/share/rover_core/package.zsh'
[3.386s] Level 1:colcon.colcon_core.environment:create_file_with_runtime_dependencies(/home/rptech/AGX_Orin_Backup/rover_project/ros2_ws/install/rover_core/share/colcon-core/packages/rover_core)
[3.387s] DEBUG:colcon.colcon_parallel_executor.executor.parallel:closing loop
[3.388s] DEBUG:colcon.colcon_parallel_executor.executor.parallel:loop closed
[3.388s] DEBUG:colcon.colcon_parallel_executor.executor.parallel:run_until_complete finished with '0'
[3.388s] DEBUG:colcon.colcon_core.event_reactor:joining thread
[3.406s] INFO:colcon.colcon_core.plugin_system:Skipping extension 'colcon_notification.desktop_notification.terminal_notifier': Not used on non-Darwin systems
[3.406s] INFO:colcon.colcon_core.plugin_system:Skipping extension 'colcon_notification.desktop_notification.win32': Not used on non-Windows systems
[3.407s] INFO:colcon.colcon_notification.desktop_notification:Sending desktop notification using 'notify2'
[3.432s] DEBUG:colcon.colcon_notification.desktop_notification.notify2:Failed to initialize notify2: org.freedesktop.DBus.Error.Spawn.ChildExited: Process org.freedesktop.Notifications exited with status 1
[3.433s] DEBUG:colcon.colcon_core.event_reactor:joined thread
[3.434s] INFO:colcon.colcon_core.shell:Creating prefix script '/home/rptech/AGX_Orin_Backup/rover_project/ros2_ws/install/local_setup.ps1'
[3.437s] INFO:colcon.colcon_core.shell:Creating prefix util module '/home/rptech/AGX_Orin_Backup/rover_project/ros2_ws/install/_local_setup_util_ps1.py'
[3.443s] INFO:colcon.colcon_core.shell:Creating prefix chain script '/home/rptech/AGX_Orin_Backup/rover_project/ros2_ws/install/setup.ps1'
[3.447s] INFO:colcon.colcon_core.shell:Creating prefix script '/home/rptech/AGX_Orin_Backup/rover_project/ros2_ws/install/local_setup.sh'
[3.449s] INFO:colcon.colcon_core.shell:Creating prefix util module '/home/rptech/AGX_Orin_Backup/rover_project/ros2_ws/install/_local_setup_util_sh.py'
[3.451s] INFO:colcon.colcon_core.shell:Creating prefix chain script '/home/rptech/AGX_Orin_Backup/rover_project/ros2_ws/install/setup.sh'
[3.455s] INFO:colcon.colcon_core.shell:Creating prefix script '/home/rptech/AGX_Orin_Backup/rover_project/ros2_ws/install/local_setup.bash'
[3.457s] INFO:colcon.colcon_core.shell:Creating prefix chain script '/home/rptech/AGX_Orin_Backup/rover_project/ros2_ws/install/setup.bash'
[3.461s] INFO:colcon.colcon_core.shell:Creating prefix script '/home/rptech/AGX_Orin_Backup/rover_project/ros2_ws/install/local_setup.zsh'
[3.463s] INFO:colcon.colcon_core.shell:Creating prefix chain script '/home/rptech/AGX_Orin_Backup/rover_project/ros2_ws/install/setup.zsh'
