[2.222s] Invoking command in '/home/rptech/AGX_Orin_Backup/rover_project/ros2_ws/build/rover_description': PYTHONPATH=/home/rptech/AGX_Orin_Backup/rover_project/ros2_ws/build/rover_description/prefix_override:/usr/lib/python3/dist-packages/colcon_core/task/python/colcon_distutils_commands:/home/rptech/AGX_Orin_Backup/rover_project/ros2_ws/install/rover_description/lib/python3.10/site-packages:${PYTHONPATH} /usr/bin/python3 -W ignore:setup.py install is deprecated -W ignore:easy_install command is deprecated setup.py develop --editable --build-directory /home/rptech/AGX_Orin_Backup/rover_project/ros2_ws/build/rover_description/build --no-deps symlink_data
[2.784s] running develop
[3.190s] running egg_info
[3.221s] creating rover_description.egg-info
[3.222s] writing rover_description.egg-info/PKG-INFO
[3.222s] writing dependency_links to rover_description.egg-info/dependency_links.txt
[3.223s] writing requirements to rover_description.egg-info/requires.txt
[3.223s] writing top-level names to rover_description.egg-info/top_level.txt
[3.223s] writing manifest file 'rover_description.egg-info/SOURCES.txt'
[3.288s] reading manifest file 'rover_description.egg-info/SOURCES.txt'
[3.289s] writing manifest file 'rover_description.egg-info/SOURCES.txt'
[3.409s] running build_ext
[3.410s] Creating /home/rptech/AGX_Orin_Backup/rover_project/ros2_ws/install/rover_description/lib/python3.10/site-packages/rover-description.egg-link (link to .)
[3.411s] 
[3.411s] Installed /home/rptech/AGX_Orin_Backup/rover_project/ros2_ws/build/rover_description
[3.411s] running symlink_data
[3.411s] creating /home/rptech/AGX_Orin_Backup/rover_project/ros2_ws/install/rover_description/share/ament_index/resource_index/packages
[3.412s] symbolically linking /home/rptech/AGX_Orin_Backup/rover_project/ros2_ws/build/rover_description/resource/rover_description -> /home/rptech/AGX_Orin_Backup/rover_project/ros2_ws/install/rover_description/share/ament_index/resource_index/packages
[3.412s] symbolically linking /home/rptech/AGX_Orin_Backup/rover_project/ros2_ws/build/rover_description/package.xml -> /home/rptech/AGX_Orin_Backup/rover_project/ros2_ws/install/rover_description/share/rover_description
[3.412s] creating /home/rptech/AGX_Orin_Backup/rover_project/ros2_ws/install/rover_description/share/rover_description/urdf
[3.413s] symbolically linking /home/rptech/AGX_Orin_Backup/rover_project/ros2_ws/build/rover_description/urdf/rover.urdf -> /home/rptech/AGX_Orin_Backup/rover_project/ros2_ws/install/rover_description/share/rover_description/urdf
[3.517s] Invoked command in '/home/rptech/AGX_Orin_Backup/rover_project/ros2_ws/build/rover_description' returned '0': PYTHONPATH=/home/rptech/AGX_Orin_Backup/rover_project/ros2_ws/build/rover_description/prefix_override:/usr/lib/python3/dist-packages/colcon_core/task/python/colcon_distutils_commands:/home/rptech/AGX_Orin_Backup/rover_project/ros2_ws/install/rover_description/lib/python3.10/site-packages:${PYTHONPATH} /usr/bin/python3 -W ignore:setup.py install is deprecated -W ignore:easy_install command is deprecated setup.py develop --editable --build-directory /home/rptech/AGX_Orin_Backup/rover_project/ros2_ws/build/rover_description/build --no-deps symlink_data
