running develop
running egg_info
creating my_robot_bringup.egg-info
writing my_robot_bringup.egg-info/PKG-INFO
writing dependency_links to my_robot_bringup.egg-info/dependency_links.txt
writing requirements to my_robot_bringup.egg-info/requires.txt
writing top-level names to my_robot_bringup.egg-info/top_level.txt
writing manifest file 'my_robot_bringup.egg-info/SOURCES.txt'
reading manifest file 'my_robot_bringup.egg-info/SOURCES.txt'
writing manifest file 'my_robot_bringup.egg-info/SOURCES.txt'
running build_ext
Creating /home/rptech/AGX_Orin_Backup/rover_project/ros2_ws/install/my_robot_bringup/lib/python3.10/site-packages/my-robot-bringup.egg-link (link to .)

Installed /home/rptech/AGX_Orin_Backup/rover_project/ros2_ws/build/my_robot_bringup
running symlink_data
creating /home/rptech/AGX_Orin_Backup/rover_project/ros2_ws/install/my_robot_bringup/share/ament_index/resource_index/packages
symbolically linking /home/rptech/AGX_Orin_Backup/rover_project/ros2_ws/build/my_robot_bringup/resource/my_robot_bringup -> /home/rptech/AGX_Orin_Backup/rover_project/ros2_ws/install/my_robot_bringup/share/ament_index/resource_index/packages
symbolically linking /home/rptech/AGX_Orin_Backup/rover_project/ros2_ws/build/my_robot_bringup/package.xml -> /home/rptech/AGX_Orin_Backup/rover_project/ros2_ws/install/my_robot_bringup/share/my_robot_bringup
creating /home/rptech/AGX_Orin_Backup/rover_project/ros2_ws/install/my_robot_bringup/share/my_robot_bringup/launch
symbolically linking /home/rptech/AGX_Orin_Backup/rover_project/ros2_ws/build/my_robot_bringup/launch/occupancy_grid.launch.py -> /home/rptech/AGX_Orin_Backup/rover_project/ros2_ws/install/my_robot_bringup/share/my_robot_bringup/launch
symbolically linking /home/rptech/AGX_Orin_Backup/rover_project/ros2_ws/build/my_robot_bringup/launch/master_navigation.launch.py -> /home/rptech/AGX_Orin_Backup/rover_project/ros2_ws/install/my_robot_bringup/share/my_robot_bringup/launch
symbolically linking /home/rptech/AGX_Orin_Backup/rover_project/ros2_ws/build/my_robot_bringup/launch/slam_online.launch.py -> /home/rptech/AGX_Orin_Backup/rover_project/ros2_ws/install/my_robot_bringup/share/my_robot_bringup/launch
symbolically linking /home/rptech/AGX_Orin_Backup/rover_project/ros2_ws/build/my_robot_bringup/launch/minimal_slam.launch.py -> /home/rptech/AGX_Orin_Backup/rover_project/ros2_ws/install/my_robot_bringup/share/my_robot_bringup/launch
symbolically linking /home/rptech/AGX_Orin_Backup/rover_project/ros2_ws/build/my_robot_bringup/launch/odom_slam.launch.py -> /home/rptech/AGX_Orin_Backup/rover_project/ros2_ws/install/my_robot_bringup/share/my_robot_bringup/launch
symbolically linking /home/rptech/AGX_Orin_Backup/rover_project/ros2_ws/build/my_robot_bringup/launch/navigation.launch.py -> /home/rptech/AGX_Orin_Backup/rover_project/ros2_ws/install/my_robot_bringup/share/my_robot_bringup/launch
symbolically linking /home/rptech/AGX_Orin_Backup/rover_project/ros2_ws/build/my_robot_bringup/launch/cartographer.launch.py -> /home/rptech/AGX_Orin_Backup/rover_project/ros2_ws/install/my_robot_bringup/share/my_robot_bringup/launch
symbolically linking /home/rptech/AGX_Orin_Backup/rover_project/ros2_ws/build/my_robot_bringup/launch/teleop_launch.py -> /home/rptech/AGX_Orin_Backup/rover_project/ros2_ws/install/my_robot_bringup/share/my_robot_bringup/launch
symbolically linking /home/rptech/AGX_Orin_Backup/rover_project/ros2_ws/build/my_robot_bringup/launch/online_slam.launch.py -> /home/rptech/AGX_Orin_Backup/rover_project/ros2_ws/install/my_robot_bringup/share/my_robot_bringup/launch
symbolically linking /home/rptech/AGX_Orin_Backup/rover_project/ros2_ws/build/my_robot_bringup/launch/rplidar_with_transform.launch.py -> /home/rptech/AGX_Orin_Backup/rover_project/ros2_ws/install/my_robot_bringup/share/my_robot_bringup/launch
creating /home/rptech/AGX_Orin_Backup/rover_project/ros2_ws/install/my_robot_bringup/share/my_robot_bringup/config
symbolically linking /home/rptech/AGX_Orin_Backup/rover_project/ros2_ws/build/my_robot_bringup/config/cartographer.lua -> /home/rptech/AGX_Orin_Backup/rover_project/ros2_ws/install/my_robot_bringup/share/my_robot_bringup/config
symbolically linking /home/rptech/AGX_Orin_Backup/rover_project/ros2_ws/build/my_robot_bringup/config/slam_params.yaml -> /home/rptech/AGX_Orin_Backup/rover_project/ros2_ws/install/my_robot_bringup/share/my_robot_bringup/config
symbolically linking /home/rptech/AGX_Orin_Backup/rover_project/ros2_ws/build/my_robot_bringup/config/minimal_slam.yaml -> /home/rptech/AGX_Orin_Backup/rover_project/ros2_ws/install/my_robot_bringup/share/my_robot_bringup/config
symbolically linking /home/rptech/AGX_Orin_Backup/rover_project/ros2_ws/build/my_robot_bringup/config/slam_toolbox_params.yaml -> /home/rptech/AGX_Orin_Backup/rover_project/ros2_ws/install/my_robot_bringup/share/my_robot_bringup/config
symbolically linking /home/rptech/AGX_Orin_Backup/rover_project/ros2_ws/build/my_robot_bringup/config/nav2_params.yaml -> /home/rptech/AGX_Orin_Backup/rover_project/ros2_ws/install/my_robot_bringup/share/my_robot_bringup/config
symbolically linking /home/rptech/AGX_Orin_Backup/rover_project/ros2_ws/build/my_robot_bringup/config/ekf.yaml -> /home/rptech/AGX_Orin_Backup/rover_project/ros2_ws/install/my_robot_bringup/share/my_robot_bringup/config
creating /home/rptech/AGX_Orin_Backup/rover_project/ros2_ws/install/my_robot_bringup/share/my_robot_bringup/rviz
symbolically linking /home/rptech/AGX_Orin_Backup/rover_project/ros2_ws/build/my_robot_bringup/rviz/nav2_config.rviz -> /home/rptech/AGX_Orin_Backup/rover_project/ros2_ws/install/my_robot_bringup/share/my_robot_bringup/rviz
creating /home/rptech/AGX_Orin_Backup/rover_project/ros2_ws/install/my_robot_bringup/share/my_robot_bringup/maps
symbolically linking /home/rptech/AGX_Orin_Backup/rover_project/ros2_ws/build/my_robot_bringup/maps/my_room_map.pgm -> /home/rptech/AGX_Orin_Backup/rover_project/ros2_ws/install/my_robot_bringup/share/my_robot_bringup/maps
symbolically linking /home/rptech/AGX_Orin_Backup/rover_project/ros2_ws/build/my_robot_bringup/maps/my_room_map.yaml -> /home/rptech/AGX_Orin_Backup/rover_project/ros2_ws/install/my_robot_bringup/share/my_robot_bringup/maps
