[2.250s] Invoking command in '/home/rptech/AGX_Orin_Backup/rover_project/ros2_ws/build/my_robot_bringup': PYTHONPATH=/home/rptech/AGX_Orin_Backup/rover_project/ros2_ws/build/my_robot_bringup/prefix_override:/usr/lib/python3/dist-packages/colcon_core/task/python/colcon_distutils_commands:/home/rptech/AGX_Orin_Backup/rover_project/ros2_ws/install/my_robot_bringup/lib/python3.10/site-packages:${PYTHONPATH} /usr/bin/python3 -W ignore:setup.py install is deprecated -W ignore:easy_install command is deprecated setup.py develop --editable --build-directory /home/rptech/AGX_Orin_Backup/rover_project/ros2_ws/build/my_robot_bringup/build --no-deps symlink_data
[2.820s] running develop
[3.226s] running egg_info
[3.257s] creating my_robot_bringup.egg-info
[3.257s] writing my_robot_bringup.egg-info/PKG-INFO
[3.258s] writing dependency_links to my_robot_bringup.egg-info/dependency_links.txt
[3.258s] writing requirements to my_robot_bringup.egg-info/requires.txt
[3.258s] writing top-level names to my_robot_bringup.egg-info/top_level.txt
[3.258s] writing manifest file 'my_robot_bringup.egg-info/SOURCES.txt'
[3.324s] reading manifest file 'my_robot_bringup.egg-info/SOURCES.txt'
[3.326s] writing manifest file 'my_robot_bringup.egg-info/SOURCES.txt'
[3.445s] running build_ext
[3.445s] Creating /home/rptech/AGX_Orin_Backup/rover_project/ros2_ws/install/my_robot_bringup/lib/python3.10/site-packages/my-robot-bringup.egg-link (link to .)
[3.447s] 
[3.447s] Installed /home/rptech/AGX_Orin_Backup/rover_project/ros2_ws/build/my_robot_bringup
[3.447s] running symlink_data
[3.447s] creating /home/rptech/AGX_Orin_Backup/rover_project/ros2_ws/install/my_robot_bringup/share/ament_index/resource_index/packages
[3.448s] symbolically linking /home/rptech/AGX_Orin_Backup/rover_project/ros2_ws/build/my_robot_bringup/resource/my_robot_bringup -> /home/rptech/AGX_Orin_Backup/rover_project/ros2_ws/install/my_robot_bringup/share/ament_index/resource_index/packages
[3.448s] symbolically linking /home/rptech/AGX_Orin_Backup/rover_project/ros2_ws/build/my_robot_bringup/package.xml -> /home/rptech/AGX_Orin_Backup/rover_project/ros2_ws/install/my_robot_bringup/share/my_robot_bringup
[3.448s] creating /home/rptech/AGX_Orin_Backup/rover_project/ros2_ws/install/my_robot_bringup/share/my_robot_bringup/launch
[3.449s] symbolically linking /home/rptech/AGX_Orin_Backup/rover_project/ros2_ws/build/my_robot_bringup/launch/occupancy_grid.launch.py -> /home/rptech/AGX_Orin_Backup/rover_project/ros2_ws/install/my_robot_bringup/share/my_robot_bringup/launch
[3.449s] symbolically linking /home/rptech/AGX_Orin_Backup/rover_project/ros2_ws/build/my_robot_bringup/launch/master_navigation.launch.py -> /home/rptech/AGX_Orin_Backup/rover_project/ros2_ws/install/my_robot_bringup/share/my_robot_bringup/launch
[3.449s] symbolically linking /home/rptech/AGX_Orin_Backup/rover_project/ros2_ws/build/my_robot_bringup/launch/slam_online.launch.py -> /home/rptech/AGX_Orin_Backup/rover_project/ros2_ws/install/my_robot_bringup/share/my_robot_bringup/launch
[3.449s] symbolically linking /home/rptech/AGX_Orin_Backup/rover_project/ros2_ws/build/my_robot_bringup/launch/minimal_slam.launch.py -> /home/rptech/AGX_Orin_Backup/rover_project/ros2_ws/install/my_robot_bringup/share/my_robot_bringup/launch
[3.449s] symbolically linking /home/rptech/AGX_Orin_Backup/rover_project/ros2_ws/build/my_robot_bringup/launch/odom_slam.launch.py -> /home/rptech/AGX_Orin_Backup/rover_project/ros2_ws/install/my_robot_bringup/share/my_robot_bringup/launch
[3.449s] symbolically linking /home/rptech/AGX_Orin_Backup/rover_project/ros2_ws/build/my_robot_bringup/launch/navigation.launch.py -> /home/rptech/AGX_Orin_Backup/rover_project/ros2_ws/install/my_robot_bringup/share/my_robot_bringup/launch
[3.450s] symbolically linking /home/rptech/AGX_Orin_Backup/rover_project/ros2_ws/build/my_robot_bringup/launch/cartographer.launch.py -> /home/rptech/AGX_Orin_Backup/rover_project/ros2_ws/install/my_robot_bringup/share/my_robot_bringup/launch
[3.450s] symbolically linking /home/rptech/AGX_Orin_Backup/rover_project/ros2_ws/build/my_robot_bringup/launch/teleop_launch.py -> /home/rptech/AGX_Orin_Backup/rover_project/ros2_ws/install/my_robot_bringup/share/my_robot_bringup/launch
[3.450s] symbolically linking /home/rptech/AGX_Orin_Backup/rover_project/ros2_ws/build/my_robot_bringup/launch/online_slam.launch.py -> /home/rptech/AGX_Orin_Backup/rover_project/ros2_ws/install/my_robot_bringup/share/my_robot_bringup/launch
[3.450s] symbolically linking /home/rptech/AGX_Orin_Backup/rover_project/ros2_ws/build/my_robot_bringup/launch/rplidar_with_transform.launch.py -> /home/rptech/AGX_Orin_Backup/rover_project/ros2_ws/install/my_robot_bringup/share/my_robot_bringup/launch
[3.450s] creating /home/rptech/AGX_Orin_Backup/rover_project/ros2_ws/install/my_robot_bringup/share/my_robot_bringup/config
[3.451s] symbolically linking /home/rptech/AGX_Orin_Backup/rover_project/ros2_ws/build/my_robot_bringup/config/cartographer.lua -> /home/rptech/AGX_Orin_Backup/rover_project/ros2_ws/install/my_robot_bringup/share/my_robot_bringup/config
[3.451s] symbolically linking /home/rptech/AGX_Orin_Backup/rover_project/ros2_ws/build/my_robot_bringup/config/slam_params.yaml -> /home/rptech/AGX_Orin_Backup/rover_project/ros2_ws/install/my_robot_bringup/share/my_robot_bringup/config
[3.451s] symbolically linking /home/rptech/AGX_Orin_Backup/rover_project/ros2_ws/build/my_robot_bringup/config/minimal_slam.yaml -> /home/rptech/AGX_Orin_Backup/rover_project/ros2_ws/install/my_robot_bringup/share/my_robot_bringup/config
[3.451s] symbolically linking /home/rptech/AGX_Orin_Backup/rover_project/ros2_ws/build/my_robot_bringup/config/slam_toolbox_params.yaml -> /home/rptech/AGX_Orin_Backup/rover_project/ros2_ws/install/my_robot_bringup/share/my_robot_bringup/config
[3.451s] symbolically linking /home/rptech/AGX_Orin_Backup/rover_project/ros2_ws/build/my_robot_bringup/config/nav2_params.yaml -> /home/rptech/AGX_Orin_Backup/rover_project/ros2_ws/install/my_robot_bringup/share/my_robot_bringup/config
[3.452s] symbolically linking /home/rptech/AGX_Orin_Backup/rover_project/ros2_ws/build/my_robot_bringup/config/ekf.yaml -> /home/rptech/AGX_Orin_Backup/rover_project/ros2_ws/install/my_robot_bringup/share/my_robot_bringup/config
[3.452s] creating /home/rptech/AGX_Orin_Backup/rover_project/ros2_ws/install/my_robot_bringup/share/my_robot_bringup/rviz
[3.452s] symbolically linking /home/rptech/AGX_Orin_Backup/rover_project/ros2_ws/build/my_robot_bringup/rviz/nav2_config.rviz -> /home/rptech/AGX_Orin_Backup/rover_project/ros2_ws/install/my_robot_bringup/share/my_robot_bringup/rviz
[3.452s] creating /home/rptech/AGX_Orin_Backup/rover_project/ros2_ws/install/my_robot_bringup/share/my_robot_bringup/maps
[3.452s] symbolically linking /home/rptech/AGX_Orin_Backup/rover_project/ros2_ws/build/my_robot_bringup/maps/my_room_map.pgm -> /home/rptech/AGX_Orin_Backup/rover_project/ros2_ws/install/my_robot_bringup/share/my_robot_bringup/maps
[3.453s] symbolically linking /home/rptech/AGX_Orin_Backup/rover_project/ros2_ws/build/my_robot_bringup/maps/my_room_map.yaml -> /home/rptech/AGX_Orin_Backup/rover_project/ros2_ws/install/my_robot_bringup/share/my_robot_bringup/maps
[3.596s] Invoked command in '/home/rptech/AGX_Orin_Backup/rover_project/ros2_ws/build/my_robot_bringup' returned '0': PYTHONPATH=/home/rptech/AGX_Orin_Backup/rover_project/ros2_ws/build/my_robot_bringup/prefix_override:/usr/lib/python3/dist-packages/colcon_core/task/python/colcon_distutils_commands:/home/rptech/AGX_Orin_Backup/rover_project/ros2_ws/install/my_robot_bringup/lib/python3.10/site-packages:${PYTHONPATH} /usr/bin/python3 -W ignore:setup.py install is deprecated -W ignore:easy_install command is deprecated setup.py develop --editable --build-directory /home/rptech/AGX_Orin_Backup/rover_project/ros2_ws/build/my_robot_bringup/build --no-deps symlink_data
