[1.080s] Invoking command in '/home/rptech/AGX_Orin_Backup/rover_project/ros2_ws/build/sllidar_ros2': CMAKE_PREFIX_PATH=${CMAKE_PREFIX_PATH}:/opt/ros/humble /usr/bin/cmake --build /home/rptech/AGX_Orin_Backup/rover_project/ros2_ws/build/sllidar_ros2 -- -j12 -l12
[1.154s] [35m[1mConsolidate compiler generated dependencies of target sllidar_client[0m
[1.160s] [35m[1mConsolidate compiler generated dependencies of target sllidar_node[0m
[1.200s] [ 10%] Built target sllidar_client
[1.215s] [100%] Built target sllidar_node
[1.232s] Invoked command in '/home/rptech/AGX_Orin_Backup/rover_project/ros2_ws/build/sllidar_ros2' returned '0': CMAKE_PREFIX_PATH=${CMAKE_PREFIX_PATH}:/opt/ros/humble /usr/bin/cmake --build /home/rptech/AGX_Orin_Backup/rover_project/ros2_ws/build/sllidar_ros2 -- -j12 -l12
[1.246s] Invoking command in '/home/rptech/AGX_Orin_Backup/rover_project/ros2_ws/build/sllidar_ros2': CMAKE_PREFIX_PATH=${CMAKE_PREFIX_PATH}:/opt/ros/humble /usr/bin/cmake --install /home/rptech/AGX_Orin_Backup/rover_project/ros2_ws/build/sllidar_ros2
[1.259s] -- Install configuration: ""
[1.260s] -- Execute custom install script
[1.262s] -- Up-to-date symlink: /home/rptech/AGX_Orin_Backup/rover_project/ros2_ws/install/sllidar_ros2/share/sllidar_ros2/launch/sllidar_a1_launch.py
[1.262s] -- Up-to-date symlink: /home/rptech/AGX_Orin_Backup/rover_project/ros2_ws/install/sllidar_ros2/share/sllidar_ros2/launch/sllidar_a2m12_launch .py
[1.262s] -- Up-to-date symlink: /home/rptech/AGX_Orin_Backup/rover_project/ros2_ws/install/sllidar_ros2/share/sllidar_ros2/launch/sllidar_a2m7_launch.py
[1.263s] -- Up-to-date symlink: /home/rptech/AGX_Orin_Backup/rover_project/ros2_ws/install/sllidar_ros2/share/sllidar_ros2/launch/sllidar_a2m8_launch.py
[1.263s] -- Up-to-date symlink: /home/rptech/AGX_Orin_Backup/rover_project/ros2_ws/install/sllidar_ros2/share/sllidar_ros2/launch/sllidar_a3_launch.py
[1.263s] -- Up-to-date symlink: /home/rptech/AGX_Orin_Backup/rover_project/ros2_ws/install/sllidar_ros2/share/sllidar_ros2/launch/sllidar_c1_launch.py
[1.263s] -- Up-to-date symlink: /home/rptech/AGX_Orin_Backup/rover_project/ros2_ws/install/sllidar_ros2/share/sllidar_ros2/launch/sllidar_s1_launch.py
[1.264s] -- Up-to-date symlink: /home/rptech/AGX_Orin_Backup/rover_project/ros2_ws/install/sllidar_ros2/share/sllidar_ros2/launch/sllidar_s1_tcp_launch.py
[1.264s] -- Up-to-date symlink: /home/rptech/AGX_Orin_Backup/rover_project/ros2_ws/install/sllidar_ros2/share/sllidar_ros2/launch/sllidar_s2_launch.py
[1.264s] -- Up-to-date symlink: /home/rptech/AGX_Orin_Backup/rover_project/ros2_ws/install/sllidar_ros2/share/sllidar_ros2/launch/sllidar_s2e_launch.py
[1.264s] -- Up-to-date symlink: /home/rptech/AGX_Orin_Backup/rover_project/ros2_ws/install/sllidar_ros2/share/sllidar_ros2/launch/sllidar_s3_launch.py
[1.265s] -- Up-to-date symlink: /home/rptech/AGX_Orin_Backup/rover_project/ros2_ws/install/sllidar_ros2/share/sllidar_ros2/launch/sllidar_t1_launch.py
[1.265s] -- Up-to-date symlink: /home/rptech/AGX_Orin_Backup/rover_project/ros2_ws/install/sllidar_ros2/share/sllidar_ros2/launch/view_sllidar_a1_launch.py
[1.265s] -- Up-to-date symlink: /home/rptech/AGX_Orin_Backup/rover_project/ros2_ws/install/sllidar_ros2/share/sllidar_ros2/launch/view_sllidar_a2m12_launch.py
[1.265s] -- Up-to-date symlink: /home/rptech/AGX_Orin_Backup/rover_project/ros2_ws/install/sllidar_ros2/share/sllidar_ros2/launch/view_sllidar_a2m7_launch.py
[1.266s] -- Up-to-date symlink: /home/rptech/AGX_Orin_Backup/rover_project/ros2_ws/install/sllidar_ros2/share/sllidar_ros2/launch/view_sllidar_a2m8_launch.py
[1.266s] -- Up-to-date symlink: /home/rptech/AGX_Orin_Backup/rover_project/ros2_ws/install/sllidar_ros2/share/sllidar_ros2/launch/view_sllidar_a3_launch.py
[1.266s] -- Up-to-date symlink: /home/rptech/AGX_Orin_Backup/rover_project/ros2_ws/install/sllidar_ros2/share/sllidar_ros2/launch/view_sllidar_c1_launch.py
[1.267s] -- Up-to-date symlink: /home/rptech/AGX_Orin_Backup/rover_project/ros2_ws/install/sllidar_ros2/share/sllidar_ros2/launch/view_sllidar_s1_launch.py
[1.267s] -- Up-to-date symlink: /home/rptech/AGX_Orin_Backup/rover_project/ros2_ws/install/sllidar_ros2/share/sllidar_ros2/launch/view_sllidar_s1_tcp_launch.py
[1.267s] -- Up-to-date symlink: /home/rptech/AGX_Orin_Backup/rover_project/ros2_ws/install/sllidar_ros2/share/sllidar_ros2/launch/view_sllidar_s2_launch.py
[1.268s] -- Up-to-date symlink: /home/rptech/AGX_Orin_Backup/rover_project/ros2_ws/install/sllidar_ros2/share/sllidar_ros2/launch/view_sllidar_s2e_launch.py
[1.268s] -- Up-to-date symlink: /home/rptech/AGX_Orin_Backup/rover_project/ros2_ws/install/sllidar_ros2/share/sllidar_ros2/launch/view_sllidar_s3_launch.py
[1.268s] -- Up-to-date symlink: /home/rptech/AGX_Orin_Backup/rover_project/ros2_ws/install/sllidar_ros2/share/sllidar_ros2/launch/view_sllidar_t1_launch.py
[1.268s] -- Up-to-date symlink: /home/rptech/AGX_Orin_Backup/rover_project/ros2_ws/install/sllidar_ros2/share/sllidar_ros2/rviz/sllidar_ros2.rviz
[1.268s] -- Up-to-date symlink: /home/rptech/AGX_Orin_Backup/rover_project/ros2_ws/install/sllidar_ros2/lib/sllidar_ros2/sllidar_node
[1.269s] -- Up-to-date symlink: /home/rptech/AGX_Orin_Backup/rover_project/ros2_ws/install/sllidar_ros2/lib/sllidar_ros2/sllidar_client
[1.269s] -- Up-to-date symlink: /home/rptech/AGX_Orin_Backup/rover_project/ros2_ws/install/sllidar_ros2/share/ament_index/resource_index/package_run_dependencies/sllidar_ros2
[1.269s] -- Up-to-date symlink: /home/rptech/AGX_Orin_Backup/rover_project/ros2_ws/install/sllidar_ros2/share/ament_index/resource_index/parent_prefix_path/sllidar_ros2
[1.270s] -- Up-to-date symlink: /home/rptech/AGX_Orin_Backup/rover_project/ros2_ws/install/sllidar_ros2/share/sllidar_ros2/environment/ament_prefix_path.sh
[1.270s] -- Up-to-date symlink: /home/rptech/AGX_Orin_Backup/rover_project/ros2_ws/install/sllidar_ros2/share/sllidar_ros2/environment/ament_prefix_path.dsv
[1.270s] -- Up-to-date symlink: /home/rptech/AGX_Orin_Backup/rover_project/ros2_ws/install/sllidar_ros2/share/sllidar_ros2/environment/path.sh
[1.270s] -- Up-to-date symlink: /home/rptech/AGX_Orin_Backup/rover_project/ros2_ws/install/sllidar_ros2/share/sllidar_ros2/environment/path.dsv
[1.270s] -- Up-to-date symlink: /home/rptech/AGX_Orin_Backup/rover_project/ros2_ws/install/sllidar_ros2/share/sllidar_ros2/local_setup.bash
[1.270s] -- Up-to-date symlink: /home/rptech/AGX_Orin_Backup/rover_project/ros2_ws/install/sllidar_ros2/share/sllidar_ros2/local_setup.sh
[1.271s] -- Up-to-date symlink: /home/rptech/AGX_Orin_Backup/rover_project/ros2_ws/install/sllidar_ros2/share/sllidar_ros2/local_setup.zsh
[1.271s] -- Up-to-date symlink: /home/rptech/AGX_Orin_Backup/rover_project/ros2_ws/install/sllidar_ros2/share/sllidar_ros2/local_setup.dsv
[1.271s] -- Symlinking: /home/rptech/AGX_Orin_Backup/rover_project/ros2_ws/install/sllidar_ros2/share/sllidar_ros2/package.dsv
[1.281s] -- Up-to-date symlink: /home/rptech/AGX_Orin_Backup/rover_project/ros2_ws/install/sllidar_ros2/share/ament_index/resource_index/packages/sllidar_ros2
[1.282s] -- Up-to-date symlink: /home/rptech/AGX_Orin_Backup/rover_project/ros2_ws/install/sllidar_ros2/share/sllidar_ros2/cmake/ament_cmake_export_dependencies-extras.cmake
[1.282s] -- Up-to-date symlink: /home/rptech/AGX_Orin_Backup/rover_project/ros2_ws/install/sllidar_ros2/share/sllidar_ros2/cmake/ament_cmake_export_include_directories-extras.cmake
[1.282s] -- Up-to-date symlink: /home/rptech/AGX_Orin_Backup/rover_project/ros2_ws/install/sllidar_ros2/share/sllidar_ros2/cmake/sllidar_ros2Config.cmake
[1.282s] -- Up-to-date symlink: /home/rptech/AGX_Orin_Backup/rover_project/ros2_ws/install/sllidar_ros2/share/sllidar_ros2/cmake/sllidar_ros2Config-version.cmake
[1.283s] -- Up-to-date symlink: /home/rptech/AGX_Orin_Backup/rover_project/ros2_ws/install/sllidar_ros2/share/sllidar_ros2/package.xml
[1.286s] Invoked command in '/home/rptech/AGX_Orin_Backup/rover_project/ros2_ws/build/sllidar_ros2' returned '0': CMAKE_PREFIX_PATH=${CMAKE_PREFIX_PATH}:/opt/ros/humble /usr/bin/cmake --install /home/rptech/AGX_Orin_Backup/rover_project/ros2_ws/build/sllidar_ros2
