[0.021s] Invoking command in '/home/rptech/AGX_Orin_Backup/rover_project/uros_ws/build/micro_ros_msgs': CMAKE_PREFIX_PATH=${CMAKE_PREFIX_PATH}:/home/rptech/AGX_Orin_Backup/rover_project/ros2_ws/install/rover_description:/home/rptech/AGX_Orin_Backup/rover_project/ros2_ws/install/rover_core:/home/rptech/AGX_Orin_Backup/rover_project/ros2_ws/install/my_robot_bringup:/home/rptech/AGX_Orin_Backup/ros2_ws/install/my_robot_controller:/home/rptech/AGX_Orin_Backup/ros2_ws/install/my_robot_bringup:/opt/ros/humble /usr/bin/cmake /home/rptech/AGX_Orin_Backup/rover_project/uros_ws/src/uros/micro_ros_msgs -DAMENT_CMAKE_SYMLINK_INSTALL=1 -DCMAKE_INSTALL_PREFIX=/home/rptech/AGX_Orin_Backup/rover_project/uros_ws/install/micro_ros_msgs
[0.101s] -- The C compiler identification is GNU 11.4.0
[0.195s] -- The CXX compiler identification is GNU 11.4.0
[0.211s] -- Detecting C compiler ABI info
[0.325s] -- Detecting C compiler ABI info - done
[0.336s] -- Check for working C compiler: /usr/bin/cc - skipped
[0.336s] -- Detecting C compile features
[0.337s] -- Detecting C compile features - done
[0.342s] -- Detecting CXX compiler ABI info
[0.474s] -- Detecting CXX compiler ABI info - done
[0.492s] -- Check for working CXX compiler: /usr/bin/c++ - skipped
[0.492s] -- Detecting CXX compile features
[0.494s] -- Detecting CXX compile features - done
[0.504s] -- Found ament_cmake: 1.3.12 (/opt/ros/humble/share/ament_cmake/cmake)
[1.138s] -- Found Python3: /usr/bin/python3 (found version "3.10.12") found components: Interpreter 
[1.251s] -- Override CMake install command with custom implementation using symlinks instead of copying resources
[1.327s] -- Found rosidl_default_generators: 1.2.0 (/opt/ros/humble/share/rosidl_default_generators/cmake)
[1.339s] -- Using all available rosidl_typesupport_c: rosidl_typesupport_fastrtps_c;rosidl_typesupport_introspection_c
[1.357s] -- Found rosidl_adapter: 3.1.8 (/opt/ros/humble/share/rosidl_adapter/cmake)
[1.428s] -- Using all available rosidl_typesupport_cpp: rosidl_typesupport_fastrtps_cpp;rosidl_typesupport_introspection_cpp
[1.479s] -- Found ament_lint_auto: 0.12.14 (/opt/ros/humble/share/ament_lint_auto/cmake)
[2.037s] -- Found ament_cmake_ros: 0.10.0 (/opt/ros/humble/share/ament_cmake_ros/cmake)
[2.432s] -- Using all available rosidl_typesupport_c: rosidl_typesupport_fastrtps_c;rosidl_typesupport_introspection_c
[2.916s] -- Using all available rosidl_typesupport_cpp: rosidl_typesupport_fastrtps_cpp;rosidl_typesupport_introspection_cpp
[2.966s] -- Found PythonInterp: /usr/bin/python3 (found suitable version "3.10.12", minimum required is "3.6") 
[2.973s] -- Found python_cmake_module: 0.10.0 (/opt/ros/humble/share/python_cmake_module/cmake)
[3.040s] -- Found PythonLibs: /usr/lib/aarch64-linux-gnu/libpython3.10.so (found suitable version "3.10.12", minimum required is "3.5") 
[3.040s] -- Using PYTHON_EXECUTABLE: /usr/bin/python3
[3.041s] -- Using PYTHON_INCLUDE_DIRS: /usr/include/python3.10
[3.041s] -- Using PYTHON_LIBRARIES: /usr/lib/aarch64-linux-gnu/libpython3.10.so
[3.082s] -- Found PythonExtra: .so  
[3.174s] -- Added test 'copyright' to check source files copyright and LICENSE
[3.191s] -- Added test 'lint_cmake' to check CMake code style
[3.199s] -- Added test 'xmllint' to check XML markup files
[3.213s] -- Configuring done
[3.268s] -- Generating done
[3.281s] -- Build files have been written to: /home/rptech/AGX_Orin_Backup/rover_project/uros_ws/build/micro_ros_msgs
[3.294s] Invoked command in '/home/rptech/AGX_Orin_Backup/rover_project/uros_ws/build/micro_ros_msgs' returned '0': CMAKE_PREFIX_PATH=${CMAKE_PREFIX_PATH}:/home/rptech/AGX_Orin_Backup/rover_project/ros2_ws/install/rover_description:/home/rptech/AGX_Orin_Backup/rover_project/ros2_ws/install/rover_core:/home/rptech/AGX_Orin_Backup/rover_project/ros2_ws/install/my_robot_bringup:/home/rptech/AGX_Orin_Backup/ros2_ws/install/my_robot_controller:/home/rptech/AGX_Orin_Backup/ros2_ws/install/my_robot_bringup:/opt/ros/humble /usr/bin/cmake /home/rptech/AGX_Orin_Backup/rover_project/uros_ws/src/uros/micro_ros_msgs -DAMENT_CMAKE_SYMLINK_INSTALL=1 -DCMAKE_INSTALL_PREFIX=/home/rptech/AGX_Orin_Backup/rover_project/uros_ws/install/micro_ros_msgs
[3.296s] Invoking command in '/home/rptech/AGX_Orin_Backup/rover_project/uros_ws/build/micro_ros_msgs': CMAKE_PREFIX_PATH=${CMAKE_PREFIX_PATH}:/home/rptech/AGX_Orin_Backup/rover_project/ros2_ws/install/rover_description:/home/rptech/AGX_Orin_Backup/rover_project/ros2_ws/install/rover_core:/home/rptech/AGX_Orin_Backup/rover_project/ros2_ws/install/my_robot_bringup:/home/rptech/AGX_Orin_Backup/ros2_ws/install/my_robot_controller:/home/rptech/AGX_Orin_Backup/ros2_ws/install/my_robot_bringup:/opt/ros/humble /usr/bin/cmake --build /home/rptech/AGX_Orin_Backup/rover_project/uros_ws/build/micro_ros_msgs -- -j12 -l12
[3.360s] [  2%] [34m[1mGenerating C code for ROS interfaces[0m
[3.374s] [  4%] [34m[1mGenerating C++ code for ROS interfaces[0m
[3.386s] [  4%] Built target ament_cmake_python_symlink_micro_ros_msgs
[3.754s] running egg_info
[3.787s] creating micro_ros_msgs.egg-info
[3.787s] writing micro_ros_msgs.egg-info/PKG-INFO
[3.788s] writing dependency_links to micro_ros_msgs.egg-info/dependency_links.txt
[3.788s] writing top-level names to micro_ros_msgs.egg-info/top_level.txt
[3.789s] writing manifest file 'micro_ros_msgs.egg-info/SOURCES.txt'
[3.885s] reading manifest file 'micro_ros_msgs.egg-info/SOURCES.txt'
[3.886s] writing manifest file 'micro_ros_msgs.egg-info/SOURCES.txt'
[3.942s] [ 10%] [32mBuilding C object CMakeFiles/micro_ros_msgs__rosidl_generator_c.dir/rosidl_generator_c/micro_ros_msgs/msg/detail/graph__functions.c.o[0m
[3.942s] [ 10%] [32mBuilding C object CMakeFiles/micro_ros_msgs__rosidl_generator_c.dir/rosidl_generator_c/micro_ros_msgs/msg/detail/node__functions.c.o[0m
[3.943s] [ 10%] [32mBuilding C object CMakeFiles/micro_ros_msgs__rosidl_generator_c.dir/rosidl_generator_c/micro_ros_msgs/msg/detail/entity__functions.c.o[0m
[3.944s] [ 10%] Built target micro_ros_msgs__cpp
[3.957s] [ 10%] Built target ament_cmake_python_build_micro_ros_msgs_egg
[3.957s] [ 12%] [34m[1mGenerating C++ type support dispatch for ROS interfaces[0m
[3.958s] [ 14%] [34m[1mGenerating C++ introspection for ROS interfaces[0m
[3.959s] [ 17%] [34m[1mGenerating C++ type support for eProsima Fast-RTPS[0m
[4.020s] [ 19%] [32m[1mLinking C shared library libmicro_ros_msgs__rosidl_generator_c.so[0m
[4.070s] [ 19%] Built target micro_ros_msgs__rosidl_generator_c
[4.083s] [ 25%] [34m[1mGenerating C type support dispatch for ROS interfaces[0m
[4.083s] [ 25%] [34m[1mGenerating C introspection for ROS interfaces[0m
[4.084s] [ 25%] [34m[1mGenerating C type support for eProsima Fast-RTPS[0m
[4.397s] [ 31%] [32mBuilding CXX object CMakeFiles/micro_ros_msgs__rosidl_typesupport_cpp.dir/rosidl_typesupport_cpp/micro_ros_msgs/msg/entity__type_support.cpp.o[0m
[4.398s] [ 31%] [32mBuilding CXX object CMakeFiles/micro_ros_msgs__rosidl_typesupport_cpp.dir/rosidl_typesupport_cpp/micro_ros_msgs/msg/graph__type_support.cpp.o[0m
[4.398s] [ 31%] [32mBuilding CXX object CMakeFiles/micro_ros_msgs__rosidl_typesupport_cpp.dir/rosidl_typesupport_cpp/micro_ros_msgs/msg/node__type_support.cpp.o[0m
[4.445s] [ 36%] [32mBuilding CXX object CMakeFiles/micro_ros_msgs__rosidl_typesupport_introspection_cpp.dir/rosidl_typesupport_introspection_cpp/micro_ros_msgs/msg/detail/graph__type_support.cpp.o[0m
[4.446s] [ 36%] [32mBuilding CXX object CMakeFiles/micro_ros_msgs__rosidl_typesupport_introspection_cpp.dir/rosidl_typesupport_introspection_cpp/micro_ros_msgs/msg/detail/entity__type_support.cpp.o[0m
[4.448s] [ 38%] [32mBuilding CXX object CMakeFiles/micro_ros_msgs__rosidl_typesupport_introspection_cpp.dir/rosidl_typesupport_introspection_cpp/micro_ros_msgs/msg/detail/node__type_support.cpp.o[0m
[4.513s] [ 40%] [32mBuilding CXX object CMakeFiles/micro_ros_msgs__rosidl_typesupport_fastrtps_cpp.dir/rosidl_typesupport_fastrtps_cpp/micro_ros_msgs/msg/detail/dds_fastrtps/graph__type_support.cpp.o[0m
[4.518s] [ 42%] [32mBuilding CXX object CMakeFiles/micro_ros_msgs__rosidl_typesupport_fastrtps_cpp.dir/rosidl_typesupport_fastrtps_cpp/micro_ros_msgs/msg/detail/dds_fastrtps/entity__type_support.cpp.o[0m
[4.523s] [ 44%] [32mBuilding CXX object CMakeFiles/micro_ros_msgs__rosidl_typesupport_fastrtps_cpp.dir/rosidl_typesupport_fastrtps_cpp/micro_ros_msgs/msg/detail/dds_fastrtps/node__type_support.cpp.o[0m
[4.529s] [ 46%] [32mBuilding CXX object CMakeFiles/micro_ros_msgs__rosidl_typesupport_c.dir/rosidl_typesupport_c/micro_ros_msgs/msg/graph__type_support.cpp.o[0m
[4.581s] [ 48%] [32mBuilding CXX object CMakeFiles/micro_ros_msgs__rosidl_typesupport_c.dir/rosidl_typesupport_c/micro_ros_msgs/msg/node__type_support.cpp.o[0m
[4.631s] [ 51%] [32mBuilding CXX object CMakeFiles/micro_ros_msgs__rosidl_typesupport_c.dir/rosidl_typesupport_c/micro_ros_msgs/msg/entity__type_support.cpp.o[0m
[4.656s] [ 53%] [32mBuilding C object CMakeFiles/micro_ros_msgs__rosidl_typesupport_introspection_c.dir/rosidl_typesupport_introspection_c/micro_ros_msgs/msg/detail/graph__type_support.c.o[0m
[4.671s] [ 55%] [32mBuilding CXX object CMakeFiles/micro_ros_msgs__rosidl_typesupport_fastrtps_c.dir/rosidl_typesupport_fastrtps_c/micro_ros_msgs/msg/detail/graph__type_support_c.cpp.o[0m
[4.685s] [ 57%] [32m[1mLinking CXX shared library libmicro_ros_msgs__rosidl_typesupport_c.so[0m
[4.717s] [ 59%] [32mBuilding C object CMakeFiles/micro_ros_msgs__rosidl_typesupport_introspection_c.dir/rosidl_typesupport_introspection_c/micro_ros_msgs/msg/detail/node__type_support.c.o[0m
[4.749s] [ 59%] Built target micro_ros_msgs__rosidl_typesupport_c
[4.764s] [ 61%] [32mBuilding CXX object CMakeFiles/micro_ros_msgs__rosidl_typesupport_fastrtps_c.dir/rosidl_typesupport_fastrtps_c/micro_ros_msgs/msg/detail/node__type_support_c.cpp.o[0m
[4.779s] [ 63%] [32mBuilding C object CMakeFiles/micro_ros_msgs__rosidl_typesupport_introspection_c.dir/rosidl_typesupport_introspection_c/micro_ros_msgs/msg/detail/entity__type_support.c.o[0m
[4.838s] [ 65%] [32mBuilding CXX object CMakeFiles/micro_ros_msgs__rosidl_typesupport_fastrtps_c.dir/rosidl_typesupport_fastrtps_c/micro_ros_msgs/msg/detail/entity__type_support_c.cpp.o[0m
[4.853s] [ 68%] [32m[1mLinking C shared library libmicro_ros_msgs__rosidl_typesupport_introspection_c.so[0m
[4.855s] [ 70%] [32m[1mLinking CXX shared library libmicro_ros_msgs__rosidl_typesupport_cpp.so[0m
[4.901s] [ 70%] Built target micro_ros_msgs__rosidl_typesupport_introspection_c
[4.912s] [ 70%] Built target micro_ros_msgs__rosidl_typesupport_cpp
[5.246s] [ 72%] [32m[1mLinking CXX shared library libmicro_ros_msgs__rosidl_typesupport_fastrtps_cpp.so[0m
[5.314s] [ 74%] [32m[1mLinking CXX shared library libmicro_ros_msgs__rosidl_typesupport_introspection_cpp.so[0m
[5.358s] [ 74%] Built target micro_ros_msgs__rosidl_typesupport_fastrtps_cpp
[5.386s] [ 76%] [32m[1mLinking CXX shared library libmicro_ros_msgs__rosidl_typesupport_fastrtps_c.so[0m
[5.436s] [ 76%] Built target micro_ros_msgs__rosidl_typesupport_introspection_cpp
[5.490s] [ 76%] Built target micro_ros_msgs__rosidl_typesupport_fastrtps_c
[5.527s] [ 76%] Built target micro_ros_msgs
[5.563s] [ 78%] [34m[1mGenerating Python code for ROS interfaces[0m
[6.297s] [ 78%] Built target micro_ros_msgs__py
[6.334s] [ 82%] [32mBuilding C object CMakeFiles/micro_ros_msgs__rosidl_generator_py.dir/rosidl_generator_py/micro_ros_msgs/msg/_graph_s.c.o[0m
[6.334s] [ 82%] [32mBuilding C object CMakeFiles/micro_ros_msgs__rosidl_generator_py.dir/rosidl_generator_py/micro_ros_msgs/msg/_node_s.c.o[0m
[6.334s] [ 85%] [32mBuilding C object CMakeFiles/micro_ros_msgs__rosidl_generator_py.dir/rosidl_generator_py/micro_ros_msgs/msg/_entity_s.c.o[0m
[6.510s] [ 87%] [32m[1mLinking C shared library rosidl_generator_py/micro_ros_msgs/libmicro_ros_msgs__rosidl_generator_py.so[0m
[6.578s] [ 87%] Built target micro_ros_msgs__rosidl_generator_py
[6.613s] [ 93%] [32mBuilding C object CMakeFiles/micro_ros_msgs__rosidl_typesupport_fastrtps_c__pyext.dir/rosidl_generator_py/micro_ros_msgs/_micro_ros_msgs_s.ep.rosidl_typesupport_fastrtps_c.c.o[0m
[6.613s] [ 93%] [32mBuilding C object CMakeFiles/micro_ros_msgs__rosidl_typesupport_c__pyext.dir/rosidl_generator_py/micro_ros_msgs/_micro_ros_msgs_s.ep.rosidl_typesupport_c.c.o[0m
[6.613s] [ 93%] [32mBuilding C object CMakeFiles/micro_ros_msgs__rosidl_typesupport_introspection_c__pyext.dir/rosidl_generator_py/micro_ros_msgs/_micro_ros_msgs_s.ep.rosidl_typesupport_introspection_c.c.o[0m
[6.757s] [ 95%] [32m[1mLinking C shared library rosidl_generator_py/micro_ros_msgs/micro_ros_msgs_s__rosidl_typesupport_c.cpython-310-aarch64-linux-gnu.so[0m
[6.759s] [ 97%] [32m[1mLinking C shared library rosidl_generator_py/micro_ros_msgs/micro_ros_msgs_s__rosidl_typesupport_introspection_c.cpython-310-aarch64-linux-gnu.so[0m
[6.761s] [100%] [32m[1mLinking C shared library rosidl_generator_py/micro_ros_msgs/micro_ros_msgs_s__rosidl_typesupport_fastrtps_c.cpython-310-aarch64-linux-gnu.so[0m
[6.812s] [100%] Built target micro_ros_msgs__rosidl_typesupport_introspection_c__pyext
[6.813s] [100%] Built target micro_ros_msgs__rosidl_typesupport_c__pyext
[6.815s] [100%] Built target micro_ros_msgs__rosidl_typesupport_fastrtps_c__pyext
[6.839s] Invoked command in '/home/rptech/AGX_Orin_Backup/rover_project/uros_ws/build/micro_ros_msgs' returned '0': CMAKE_PREFIX_PATH=${CMAKE_PREFIX_PATH}:/home/rptech/AGX_Orin_Backup/rover_project/ros2_ws/install/rover_description:/home/rptech/AGX_Orin_Backup/rover_project/ros2_ws/install/rover_core:/home/rptech/AGX_Orin_Backup/rover_project/ros2_ws/install/my_robot_bringup:/home/rptech/AGX_Orin_Backup/ros2_ws/install/my_robot_controller:/home/rptech/AGX_Orin_Backup/ros2_ws/install/my_robot_bringup:/opt/ros/humble /usr/bin/cmake --build /home/rptech/AGX_Orin_Backup/rover_project/uros_ws/build/micro_ros_msgs -- -j12 -l12
[6.844s] Invoking command in '/home/rptech/AGX_Orin_Backup/rover_project/uros_ws/build/micro_ros_msgs': CMAKE_PREFIX_PATH=${CMAKE_PREFIX_PATH}:/home/rptech/AGX_Orin_Backup/rover_project/ros2_ws/install/rover_description:/home/rptech/AGX_Orin_Backup/rover_project/ros2_ws/install/rover_core:/home/rptech/AGX_Orin_Backup/rover_project/ros2_ws/install/my_robot_bringup:/home/rptech/AGX_Orin_Backup/ros2_ws/install/my_robot_controller:/home/rptech/AGX_Orin_Backup/ros2_ws/install/my_robot_bringup:/opt/ros/humble /usr/bin/cmake --install /home/rptech/AGX_Orin_Backup/rover_project/uros_ws/build/micro_ros_msgs
[6.859s] -- Install configuration: ""
[6.860s] -- Execute custom install script
[6.861s] -- Symlinking: /home/rptech/AGX_Orin_Backup/rover_project/uros_ws/install/micro_ros_msgs/share/ament_index/resource_index/rosidl_interfaces/micro_ros_msgs
[6.877s] -- Symlinking: /home/rptech/AGX_Orin_Backup/rover_project/uros_ws/install/micro_ros_msgs/include/micro_ros_msgs/micro_ros_msgs/msg/detail/entity__functions.h
[6.891s] -- Symlinking: /home/rptech/AGX_Orin_Backup/rover_project/uros_ws/install/micro_ros_msgs/include/micro_ros_msgs/micro_ros_msgs/msg/detail/entity__struct.h
[6.907s] -- Symlinking: /home/rptech/AGX_Orin_Backup/rover_project/uros_ws/install/micro_ros_msgs/include/micro_ros_msgs/micro_ros_msgs/msg/detail/entity__type_support.h
[6.922s] -- Symlinking: /home/rptech/AGX_Orin_Backup/rover_project/uros_ws/install/micro_ros_msgs/include/micro_ros_msgs/micro_ros_msgs/msg/detail/graph__functions.h
[6.938s] -- Symlinking: /home/rptech/AGX_Orin_Backup/rover_project/uros_ws/install/micro_ros_msgs/include/micro_ros_msgs/micro_ros_msgs/msg/detail/graph__struct.h
[6.955s] -- Symlinking: /home/rptech/AGX_Orin_Backup/rover_project/uros_ws/install/micro_ros_msgs/include/micro_ros_msgs/micro_ros_msgs/msg/detail/graph__type_support.h
[6.970s] -- Symlinking: /home/rptech/AGX_Orin_Backup/rover_project/uros_ws/install/micro_ros_msgs/include/micro_ros_msgs/micro_ros_msgs/msg/detail/node__functions.h
[6.984s] -- Symlinking: /home/rptech/AGX_Orin_Backup/rover_project/uros_ws/install/micro_ros_msgs/include/micro_ros_msgs/micro_ros_msgs/msg/detail/node__struct.h
[6.999s] -- Symlinking: /home/rptech/AGX_Orin_Backup/rover_project/uros_ws/install/micro_ros_msgs/include/micro_ros_msgs/micro_ros_msgs/msg/detail/node__type_support.h
[7.014s] -- Symlinking: /home/rptech/AGX_Orin_Backup/rover_project/uros_ws/install/micro_ros_msgs/include/micro_ros_msgs/micro_ros_msgs/msg/entity.h
[7.029s] -- Symlinking: /home/rptech/AGX_Orin_Backup/rover_project/uros_ws/install/micro_ros_msgs/include/micro_ros_msgs/micro_ros_msgs/msg/graph.h
[7.045s] -- Symlinking: /home/rptech/AGX_Orin_Backup/rover_project/uros_ws/install/micro_ros_msgs/include/micro_ros_msgs/micro_ros_msgs/msg/node.h
[7.060s] -- Symlinking: /home/rptech/AGX_Orin_Backup/rover_project/uros_ws/install/micro_ros_msgs/include/micro_ros_msgs/micro_ros_msgs/msg/rosidl_generator_c__visibility_control.h
[7.078s] -- Symlinking: /home/rptech/AGX_Orin_Backup/rover_project/uros_ws/install/micro_ros_msgs/share/micro_ros_msgs/environment/library_path.sh
[7.094s] -- Symlinking: /home/rptech/AGX_Orin_Backup/rover_project/uros_ws/install/micro_ros_msgs/share/micro_ros_msgs/environment/library_path.dsv
[7.112s] -- Symlinking: /home/rptech/AGX_Orin_Backup/rover_project/uros_ws/install/micro_ros_msgs/include/micro_ros_msgs/micro_ros_msgs/msg/detail/entity__rosidl_typesupport_fastrtps_c.h
[7.126s] -- Symlinking: /home/rptech/AGX_Orin_Backup/rover_project/uros_ws/install/micro_ros_msgs/include/micro_ros_msgs/micro_ros_msgs/msg/detail/graph__rosidl_typesupport_fastrtps_c.h
[7.151s] -- Symlinking: /home/rptech/AGX_Orin_Backup/rover_project/uros_ws/install/micro_ros_msgs/include/micro_ros_msgs/micro_ros_msgs/msg/detail/node__rosidl_typesupport_fastrtps_c.h
[7.166s] -- Symlinking: /home/rptech/AGX_Orin_Backup/rover_project/uros_ws/install/micro_ros_msgs/include/micro_ros_msgs/micro_ros_msgs/msg/rosidl_typesupport_fastrtps_c__visibility_control.h
[7.182s] -- Symlinking: /home/rptech/AGX_Orin_Backup/rover_project/uros_ws/install/micro_ros_msgs/include/micro_ros_msgs/micro_ros_msgs/msg/detail/entity__rosidl_typesupport_introspection_c.h
[7.198s] -- Symlinking: /home/rptech/AGX_Orin_Backup/rover_project/uros_ws/install/micro_ros_msgs/include/micro_ros_msgs/micro_ros_msgs/msg/detail/graph__rosidl_typesupport_introspection_c.h
[7.214s] -- Symlinking: /home/rptech/AGX_Orin_Backup/rover_project/uros_ws/install/micro_ros_msgs/include/micro_ros_msgs/micro_ros_msgs/msg/detail/node__rosidl_typesupport_introspection_c.h
[7.228s] -- Symlinking: /home/rptech/AGX_Orin_Backup/rover_project/uros_ws/install/micro_ros_msgs/include/micro_ros_msgs/micro_ros_msgs/msg/rosidl_typesupport_introspection_c__visibility_control.h
[7.246s] -- Symlinking: /home/rptech/AGX_Orin_Backup/rover_project/uros_ws/install/micro_ros_msgs/include/micro_ros_msgs/micro_ros_msgs/msg/detail/entity__builder.hpp
[7.260s] -- Symlinking: /home/rptech/AGX_Orin_Backup/rover_project/uros_ws/install/micro_ros_msgs/include/micro_ros_msgs/micro_ros_msgs/msg/detail/entity__struct.hpp
[7.274s] -- Symlinking: /home/rptech/AGX_Orin_Backup/rover_project/uros_ws/install/micro_ros_msgs/include/micro_ros_msgs/micro_ros_msgs/msg/detail/entity__traits.hpp
[7.291s] -- Symlinking: /home/rptech/AGX_Orin_Backup/rover_project/uros_ws/install/micro_ros_msgs/include/micro_ros_msgs/micro_ros_msgs/msg/detail/entity__type_support.hpp
[7.306s] -- Symlinking: /home/rptech/AGX_Orin_Backup/rover_project/uros_ws/install/micro_ros_msgs/include/micro_ros_msgs/micro_ros_msgs/msg/detail/graph__builder.hpp
[7.321s] -- Symlinking: /home/rptech/AGX_Orin_Backup/rover_project/uros_ws/install/micro_ros_msgs/include/micro_ros_msgs/micro_ros_msgs/msg/detail/graph__struct.hpp
[7.337s] -- Symlinking: /home/rptech/AGX_Orin_Backup/rover_project/uros_ws/install/micro_ros_msgs/include/micro_ros_msgs/micro_ros_msgs/msg/detail/graph__traits.hpp
[7.352s] -- Symlinking: /home/rptech/AGX_Orin_Backup/rover_project/uros_ws/install/micro_ros_msgs/include/micro_ros_msgs/micro_ros_msgs/msg/detail/graph__type_support.hpp
[7.366s] -- Symlinking: /home/rptech/AGX_Orin_Backup/rover_project/uros_ws/install/micro_ros_msgs/include/micro_ros_msgs/micro_ros_msgs/msg/detail/node__builder.hpp
[7.381s] -- Symlinking: /home/rptech/AGX_Orin_Backup/rover_project/uros_ws/install/micro_ros_msgs/include/micro_ros_msgs/micro_ros_msgs/msg/detail/node__struct.hpp
[7.397s] -- Symlinking: /home/rptech/AGX_Orin_Backup/rover_project/uros_ws/install/micro_ros_msgs/include/micro_ros_msgs/micro_ros_msgs/msg/detail/node__traits.hpp
[7.412s] -- Symlinking: /home/rptech/AGX_Orin_Backup/rover_project/uros_ws/install/micro_ros_msgs/include/micro_ros_msgs/micro_ros_msgs/msg/detail/node__type_support.hpp
[7.429s] -- Symlinking: /home/rptech/AGX_Orin_Backup/rover_project/uros_ws/install/micro_ros_msgs/include/micro_ros_msgs/micro_ros_msgs/msg/entity.hpp
[7.444s] -- Symlinking: /home/rptech/AGX_Orin_Backup/rover_project/uros_ws/install/micro_ros_msgs/include/micro_ros_msgs/micro_ros_msgs/msg/graph.hpp
[7.459s] -- Symlinking: /home/rptech/AGX_Orin_Backup/rover_project/uros_ws/install/micro_ros_msgs/include/micro_ros_msgs/micro_ros_msgs/msg/node.hpp
[7.483s] -- Symlinking: /home/rptech/AGX_Orin_Backup/rover_project/uros_ws/install/micro_ros_msgs/include/micro_ros_msgs/micro_ros_msgs/msg/rosidl_generator_cpp__visibility_control.hpp
[7.502s] -- Symlinking: /home/rptech/AGX_Orin_Backup/rover_project/uros_ws/install/micro_ros_msgs/include/micro_ros_msgs/micro_ros_msgs/msg/detail/entity__rosidl_typesupport_fastrtps_cpp.hpp
[7.518s] -- Symlinking: /home/rptech/AGX_Orin_Backup/rover_project/uros_ws/install/micro_ros_msgs/include/micro_ros_msgs/micro_ros_msgs/msg/detail/graph__rosidl_typesupport_fastrtps_cpp.hpp
[7.541s] -- Symlinking: /home/rptech/AGX_Orin_Backup/rover_project/uros_ws/install/micro_ros_msgs/include/micro_ros_msgs/micro_ros_msgs/msg/detail/node__rosidl_typesupport_fastrtps_cpp.hpp
[7.559s] -- Symlinking: /home/rptech/AGX_Orin_Backup/rover_project/uros_ws/install/micro_ros_msgs/include/micro_ros_msgs/micro_ros_msgs/msg/rosidl_typesupport_fastrtps_cpp__visibility_control.h
[7.580s] -- Symlinking: /home/rptech/AGX_Orin_Backup/rover_project/uros_ws/install/micro_ros_msgs/include/micro_ros_msgs/micro_ros_msgs/msg/detail/entity__rosidl_typesupport_introspection_cpp.hpp
[7.595s] -- Symlinking: /home/rptech/AGX_Orin_Backup/rover_project/uros_ws/install/micro_ros_msgs/include/micro_ros_msgs/micro_ros_msgs/msg/detail/graph__rosidl_typesupport_introspection_cpp.hpp
[7.611s] -- Symlinking: /home/rptech/AGX_Orin_Backup/rover_project/uros_ws/install/micro_ros_msgs/include/micro_ros_msgs/micro_ros_msgs/msg/detail/node__rosidl_typesupport_introspection_cpp.hpp
[7.628s] -- Symlinking: /home/rptech/AGX_Orin_Backup/rover_project/uros_ws/install/micro_ros_msgs/share/micro_ros_msgs/environment/pythonpath.sh
[7.643s] -- Symlinking: /home/rptech/AGX_Orin_Backup/rover_project/uros_ws/install/micro_ros_msgs/share/micro_ros_msgs/environment/pythonpath.dsv
[7.658s] -- Symlinking: /home/rptech/AGX_Orin_Backup/rover_project/uros_ws/install/micro_ros_msgs/local/lib/python3.10/dist-packages/micro_ros_msgs-3.0.1-py3.10.egg-info/PKG-INFO
[7.673s] -- Symlinking: /home/rptech/AGX_Orin_Backup/rover_project/uros_ws/install/micro_ros_msgs/local/lib/python3.10/dist-packages/micro_ros_msgs-3.0.1-py3.10.egg-info/SOURCES.txt
[7.697s] -- Symlinking: /home/rptech/AGX_Orin_Backup/rover_project/uros_ws/install/micro_ros_msgs/local/lib/python3.10/dist-packages/micro_ros_msgs-3.0.1-py3.10.egg-info/dependency_links.txt
[7.714s] -- Symlinking: /home/rptech/AGX_Orin_Backup/rover_project/uros_ws/install/micro_ros_msgs/local/lib/python3.10/dist-packages/micro_ros_msgs-3.0.1-py3.10.egg-info/top_level.txt
[7.732s] -- Symlinking: /home/rptech/AGX_Orin_Backup/rover_project/uros_ws/install/micro_ros_msgs/local/lib/python3.10/dist-packages/micro_ros_msgs/__init__.py
[7.748s] -- Symlinking: /home/rptech/AGX_Orin_Backup/rover_project/uros_ws/install/micro_ros_msgs/local/lib/python3.10/dist-packages/micro_ros_msgs/_micro_ros_msgs_s.ep.rosidl_typesupport_c.c
[7.763s] -- Symlinking: /home/rptech/AGX_Orin_Backup/rover_project/uros_ws/install/micro_ros_msgs/local/lib/python3.10/dist-packages/micro_ros_msgs/_micro_ros_msgs_s.ep.rosidl_typesupport_fastrtps_c.c
[7.778s] -- Symlinking: /home/rptech/AGX_Orin_Backup/rover_project/uros_ws/install/micro_ros_msgs/local/lib/python3.10/dist-packages/micro_ros_msgs/_micro_ros_msgs_s.ep.rosidl_typesupport_introspection_c.c
[7.794s] -- Symlinking: /home/rptech/AGX_Orin_Backup/rover_project/uros_ws/install/micro_ros_msgs/local/lib/python3.10/dist-packages/micro_ros_msgs/libmicro_ros_msgs__rosidl_generator_py.so
[7.809s] -- Symlinking: /home/rptech/AGX_Orin_Backup/rover_project/uros_ws/install/micro_ros_msgs/local/lib/python3.10/dist-packages/micro_ros_msgs/micro_ros_msgs_s__rosidl_typesupport_c.cpython-310-aarch64-linux-gnu.so
[7.826s] -- Symlinking: /home/rptech/AGX_Orin_Backup/rover_project/uros_ws/install/micro_ros_msgs/local/lib/python3.10/dist-packages/micro_ros_msgs/micro_ros_msgs_s__rosidl_typesupport_fastrtps_c.cpython-310-aarch64-linux-gnu.so
[7.843s] -- Symlinking: /home/rptech/AGX_Orin_Backup/rover_project/uros_ws/install/micro_ros_msgs/local/lib/python3.10/dist-packages/micro_ros_msgs/micro_ros_msgs_s__rosidl_typesupport_introspection_c.cpython-310-aarch64-linux-gnu.so
[7.858s] -- Symlinking: /home/rptech/AGX_Orin_Backup/rover_project/uros_ws/install/micro_ros_msgs/local/lib/python3.10/dist-packages/micro_ros_msgs/msg/__init__.py
[7.873s] -- Symlinking: /home/rptech/AGX_Orin_Backup/rover_project/uros_ws/install/micro_ros_msgs/local/lib/python3.10/dist-packages/micro_ros_msgs/msg/_entity.py
[7.889s] -- Symlinking: /home/rptech/AGX_Orin_Backup/rover_project/uros_ws/install/micro_ros_msgs/local/lib/python3.10/dist-packages/micro_ros_msgs/msg/_entity_s.c
[7.904s] -- Symlinking: /home/rptech/AGX_Orin_Backup/rover_project/uros_ws/install/micro_ros_msgs/local/lib/python3.10/dist-packages/micro_ros_msgs/msg/_graph.py
[7.918s] -- Symlinking: /home/rptech/AGX_Orin_Backup/rover_project/uros_ws/install/micro_ros_msgs/local/lib/python3.10/dist-packages/micro_ros_msgs/msg/_graph_s.c
[7.933s] -- Symlinking: /home/rptech/AGX_Orin_Backup/rover_project/uros_ws/install/micro_ros_msgs/local/lib/python3.10/dist-packages/micro_ros_msgs/msg/_node.py
[7.948s] -- Symlinking: /home/rptech/AGX_Orin_Backup/rover_project/uros_ws/install/micro_ros_msgs/local/lib/python3.10/dist-packages/micro_ros_msgs/msg/_node_s.c
[7.965s] -- Up-to-date symlink: /home/rptech/AGX_Orin_Backup/rover_project/uros_ws/install/micro_ros_msgs/local/lib/python3.10/dist-packages/micro_ros_msgs/micro_ros_msgs_s__rosidl_typesupport_fastrtps_c.cpython-310-aarch64-linux-gnu.so
[7.966s] -- Up-to-date symlink: /home/rptech/AGX_Orin_Backup/rover_project/uros_ws/install/micro_ros_msgs/local/lib/python3.10/dist-packages/micro_ros_msgs/micro_ros_msgs_s__rosidl_typesupport_introspection_c.cpython-310-aarch64-linux-gnu.so
[7.967s] -- Up-to-date symlink: /home/rptech/AGX_Orin_Backup/rover_project/uros_ws/install/micro_ros_msgs/local/lib/python3.10/dist-packages/micro_ros_msgs/micro_ros_msgs_s__rosidl_typesupport_c.cpython-310-aarch64-linux-gnu.so
[7.967s] -- Symlinking: /home/rptech/AGX_Orin_Backup/rover_project/uros_ws/install/micro_ros_msgs/share/micro_ros_msgs/msg/Graph.idl
[7.985s] -- Symlinking: /home/rptech/AGX_Orin_Backup/rover_project/uros_ws/install/micro_ros_msgs/share/micro_ros_msgs/msg/Node.idl
[8.000s] -- Symlinking: /home/rptech/AGX_Orin_Backup/rover_project/uros_ws/install/micro_ros_msgs/share/micro_ros_msgs/msg/Entity.idl
[8.014s] -- Symlinking: /home/rptech/AGX_Orin_Backup/rover_project/uros_ws/install/micro_ros_msgs/share/micro_ros_msgs/msg/Graph.msg
[8.030s] -- Symlinking: /home/rptech/AGX_Orin_Backup/rover_project/uros_ws/install/micro_ros_msgs/share/micro_ros_msgs/msg/Node.msg
[8.047s] -- Symlinking: /home/rptech/AGX_Orin_Backup/rover_project/uros_ws/install/micro_ros_msgs/share/micro_ros_msgs/msg/Entity.msg
[8.062s] -- Symlinking: /home/rptech/AGX_Orin_Backup/rover_project/uros_ws/install/micro_ros_msgs/share/ament_index/resource_index/package_run_dependencies/micro_ros_msgs
[8.079s] -- Symlinking: /home/rptech/AGX_Orin_Backup/rover_project/uros_ws/install/micro_ros_msgs/share/ament_index/resource_index/parent_prefix_path/micro_ros_msgs
[8.094s] -- Symlinking: /home/rptech/AGX_Orin_Backup/rover_project/uros_ws/install/micro_ros_msgs/share/micro_ros_msgs/environment/ament_prefix_path.sh
[8.110s] -- Symlinking: /home/rptech/AGX_Orin_Backup/rover_project/uros_ws/install/micro_ros_msgs/share/micro_ros_msgs/environment/ament_prefix_path.dsv
[8.126s] -- Symlinking: /home/rptech/AGX_Orin_Backup/rover_project/uros_ws/install/micro_ros_msgs/share/micro_ros_msgs/environment/path.sh
[8.142s] -- Symlinking: /home/rptech/AGX_Orin_Backup/rover_project/uros_ws/install/micro_ros_msgs/share/micro_ros_msgs/environment/path.dsv
[8.158s] -- Symlinking: /home/rptech/AGX_Orin_Backup/rover_project/uros_ws/install/micro_ros_msgs/share/micro_ros_msgs/local_setup.bash
[8.174s] -- Symlinking: /home/rptech/AGX_Orin_Backup/rover_project/uros_ws/install/micro_ros_msgs/share/micro_ros_msgs/local_setup.sh
[8.190s] -- Symlinking: /home/rptech/AGX_Orin_Backup/rover_project/uros_ws/install/micro_ros_msgs/share/micro_ros_msgs/local_setup.zsh
[8.206s] -- Symlinking: /home/rptech/AGX_Orin_Backup/rover_project/uros_ws/install/micro_ros_msgs/share/micro_ros_msgs/local_setup.dsv
[8.222s] -- Symlinking: /home/rptech/AGX_Orin_Backup/rover_project/uros_ws/install/micro_ros_msgs/share/micro_ros_msgs/package.dsv
[8.237s] -- Symlinking: /home/rptech/AGX_Orin_Backup/rover_project/uros_ws/install/micro_ros_msgs/share/ament_index/resource_index/packages/micro_ros_msgs
[8.252s] -- Symlinking: /home/rptech/AGX_Orin_Backup/rover_project/uros_ws/install/micro_ros_msgs/share/micro_ros_msgs/cmake/rosidl_cmake-extras.cmake
[8.267s] -- Symlinking: /home/rptech/AGX_Orin_Backup/rover_project/uros_ws/install/micro_ros_msgs/share/micro_ros_msgs/cmake/ament_cmake_export_include_directories-extras.cmake
[8.282s] -- Symlinking: /home/rptech/AGX_Orin_Backup/rover_project/uros_ws/install/micro_ros_msgs/share/micro_ros_msgs/cmake/ament_cmake_export_libraries-extras.cmake
[8.299s] -- Symlinking: /home/rptech/AGX_Orin_Backup/rover_project/uros_ws/install/micro_ros_msgs/share/micro_ros_msgs/cmake/ament_cmake_export_targets-extras.cmake
[8.314s] -- Symlinking: /home/rptech/AGX_Orin_Backup/rover_project/uros_ws/install/micro_ros_msgs/share/micro_ros_msgs/cmake/rosidl_cmake_export_typesupport_targets-extras.cmake
[8.330s] -- Symlinking: /home/rptech/AGX_Orin_Backup/rover_project/uros_ws/install/micro_ros_msgs/share/micro_ros_msgs/cmake/ament_cmake_export_dependencies-extras.cmake
[8.345s] -- Symlinking: /home/rptech/AGX_Orin_Backup/rover_project/uros_ws/install/micro_ros_msgs/share/micro_ros_msgs/cmake/rosidl_cmake_export_typesupport_libraries-extras.cmake
[8.361s] -- Symlinking: /home/rptech/AGX_Orin_Backup/rover_project/uros_ws/install/micro_ros_msgs/share/micro_ros_msgs/cmake/micro_ros_msgsConfig.cmake
[8.377s] -- Symlinking: /home/rptech/AGX_Orin_Backup/rover_project/uros_ws/install/micro_ros_msgs/share/micro_ros_msgs/cmake/micro_ros_msgsConfig-version.cmake
[8.392s] -- Symlinking: /home/rptech/AGX_Orin_Backup/rover_project/uros_ws/install/micro_ros_msgs/share/micro_ros_msgs/package.xml
[8.407s] -- Installing: /home/rptech/AGX_Orin_Backup/rover_project/uros_ws/install/micro_ros_msgs/lib/libmicro_ros_msgs__rosidl_generator_c.so
[8.408s] -- Set runtime path of "/home/rptech/AGX_Orin_Backup/rover_project/uros_ws/install/micro_ros_msgs/lib/libmicro_ros_msgs__rosidl_generator_c.so" to ""
[8.408s] -- Installing: /home/rptech/AGX_Orin_Backup/rover_project/uros_ws/install/micro_ros_msgs/lib/libmicro_ros_msgs__rosidl_typesupport_fastrtps_c.so
[8.409s] -- Set runtime path of "/home/rptech/AGX_Orin_Backup/rover_project/uros_ws/install/micro_ros_msgs/lib/libmicro_ros_msgs__rosidl_typesupport_fastrtps_c.so" to ""
[8.410s] -- Installing: /home/rptech/AGX_Orin_Backup/rover_project/uros_ws/install/micro_ros_msgs/lib/libmicro_ros_msgs__rosidl_typesupport_introspection_c.so
[8.411s] -- Set runtime path of "/home/rptech/AGX_Orin_Backup/rover_project/uros_ws/install/micro_ros_msgs/lib/libmicro_ros_msgs__rosidl_typesupport_introspection_c.so" to ""
[8.411s] -- Installing: /home/rptech/AGX_Orin_Backup/rover_project/uros_ws/install/micro_ros_msgs/lib/libmicro_ros_msgs__rosidl_typesupport_c.so
[8.412s] -- Set runtime path of "/home/rptech/AGX_Orin_Backup/rover_project/uros_ws/install/micro_ros_msgs/lib/libmicro_ros_msgs__rosidl_typesupport_c.so" to ""
[8.412s] -- Installing: /home/rptech/AGX_Orin_Backup/rover_project/uros_ws/install/micro_ros_msgs/lib/libmicro_ros_msgs__rosidl_typesupport_fastrtps_cpp.so
[8.415s] -- Set runtime path of "/home/rptech/AGX_Orin_Backup/rover_project/uros_ws/install/micro_ros_msgs/lib/libmicro_ros_msgs__rosidl_typesupport_fastrtps_cpp.so" to ""
[8.415s] -- Installing: /home/rptech/AGX_Orin_Backup/rover_project/uros_ws/install/micro_ros_msgs/lib/libmicro_ros_msgs__rosidl_typesupport_introspection_cpp.so
[8.417s] -- Set runtime path of "/home/rptech/AGX_Orin_Backup/rover_project/uros_ws/install/micro_ros_msgs/lib/libmicro_ros_msgs__rosidl_typesupport_introspection_cpp.so" to ""
[8.417s] -- Installing: /home/rptech/AGX_Orin_Backup/rover_project/uros_ws/install/micro_ros_msgs/lib/libmicro_ros_msgs__rosidl_typesupport_cpp.so
[8.418s] -- Set runtime path of "/home/rptech/AGX_Orin_Backup/rover_project/uros_ws/install/micro_ros_msgs/lib/libmicro_ros_msgs__rosidl_typesupport_cpp.so" to ""
[8.487s] Listing '/home/rptech/AGX_Orin_Backup/rover_project/uros_ws/install/micro_ros_msgs/local/lib/python3.10/dist-packages/micro_ros_msgs'...
[8.487s] Compiling '/home/rptech/AGX_Orin_Backup/rover_project/uros_ws/install/micro_ros_msgs/local/lib/python3.10/dist-packages/micro_ros_msgs/__init__.py'...
[8.488s] Listing '/home/rptech/AGX_Orin_Backup/rover_project/uros_ws/install/micro_ros_msgs/local/lib/python3.10/dist-packages/micro_ros_msgs/msg'...
[8.488s] Compiling '/home/rptech/AGX_Orin_Backup/rover_project/uros_ws/install/micro_ros_msgs/local/lib/python3.10/dist-packages/micro_ros_msgs/msg/__init__.py'...
[8.488s] Compiling '/home/rptech/AGX_Orin_Backup/rover_project/uros_ws/install/micro_ros_msgs/local/lib/python3.10/dist-packages/micro_ros_msgs/msg/_entity.py'...
[8.488s] Compiling '/home/rptech/AGX_Orin_Backup/rover_project/uros_ws/install/micro_ros_msgs/local/lib/python3.10/dist-packages/micro_ros_msgs/msg/_graph.py'...
[8.489s] Compiling '/home/rptech/AGX_Orin_Backup/rover_project/uros_ws/install/micro_ros_msgs/local/lib/python3.10/dist-packages/micro_ros_msgs/msg/_node.py'...
[8.495s] -- Installing: /home/rptech/AGX_Orin_Backup/rover_project/uros_ws/install/micro_ros_msgs/lib/libmicro_ros_msgs__rosidl_generator_py.so
[8.496s] -- Set runtime path of "/home/rptech/AGX_Orin_Backup/rover_project/uros_ws/install/micro_ros_msgs/lib/libmicro_ros_msgs__rosidl_generator_py.so" to ""
[8.496s] -- Installing: /home/rptech/AGX_Orin_Backup/rover_project/uros_ws/install/micro_ros_msgs/share/micro_ros_msgs/cmake/export_micro_ros_msgs__rosidl_generator_cExport.cmake
[8.496s] -- Installing: /home/rptech/AGX_Orin_Backup/rover_project/uros_ws/install/micro_ros_msgs/share/micro_ros_msgs/cmake/export_micro_ros_msgs__rosidl_generator_cExport-noconfig.cmake
[8.497s] -- Installing: /home/rptech/AGX_Orin_Backup/rover_project/uros_ws/install/micro_ros_msgs/share/micro_ros_msgs/cmake/export_micro_ros_msgs__rosidl_typesupport_fastrtps_cExport.cmake
[8.497s] -- Installing: /home/rptech/AGX_Orin_Backup/rover_project/uros_ws/install/micro_ros_msgs/share/micro_ros_msgs/cmake/export_micro_ros_msgs__rosidl_typesupport_fastrtps_cExport-noconfig.cmake
[8.497s] -- Installing: /home/rptech/AGX_Orin_Backup/rover_project/uros_ws/install/micro_ros_msgs/share/micro_ros_msgs/cmake/micro_ros_msgs__rosidl_typesupport_introspection_cExport.cmake
[8.497s] -- Installing: /home/rptech/AGX_Orin_Backup/rover_project/uros_ws/install/micro_ros_msgs/share/micro_ros_msgs/cmake/micro_ros_msgs__rosidl_typesupport_introspection_cExport-noconfig.cmake
[8.498s] -- Installing: /home/rptech/AGX_Orin_Backup/rover_project/uros_ws/install/micro_ros_msgs/share/micro_ros_msgs/cmake/micro_ros_msgs__rosidl_typesupport_cExport.cmake
[8.498s] -- Installing: /home/rptech/AGX_Orin_Backup/rover_project/uros_ws/install/micro_ros_msgs/share/micro_ros_msgs/cmake/micro_ros_msgs__rosidl_typesupport_cExport-noconfig.cmake
[8.498s] -- Installing: /home/rptech/AGX_Orin_Backup/rover_project/uros_ws/install/micro_ros_msgs/share/micro_ros_msgs/cmake/export_micro_ros_msgs__rosidl_generator_cppExport.cmake
[8.499s] -- Installing: /home/rptech/AGX_Orin_Backup/rover_project/uros_ws/install/micro_ros_msgs/share/micro_ros_msgs/cmake/export_micro_ros_msgs__rosidl_typesupport_fastrtps_cppExport.cmake
[8.499s] -- Installing: /home/rptech/AGX_Orin_Backup/rover_project/uros_ws/install/micro_ros_msgs/share/micro_ros_msgs/cmake/export_micro_ros_msgs__rosidl_typesupport_fastrtps_cppExport-noconfig.cmake
[8.500s] -- Installing: /home/rptech/AGX_Orin_Backup/rover_project/uros_ws/install/micro_ros_msgs/share/micro_ros_msgs/cmake/micro_ros_msgs__rosidl_typesupport_introspection_cppExport.cmake
[8.500s] -- Installing: /home/rptech/AGX_Orin_Backup/rover_project/uros_ws/install/micro_ros_msgs/share/micro_ros_msgs/cmake/micro_ros_msgs__rosidl_typesupport_introspection_cppExport-noconfig.cmake
[8.501s] -- Installing: /home/rptech/AGX_Orin_Backup/rover_project/uros_ws/install/micro_ros_msgs/share/micro_ros_msgs/cmake/micro_ros_msgs__rosidl_typesupport_cppExport.cmake
[8.501s] -- Installing: /home/rptech/AGX_Orin_Backup/rover_project/uros_ws/install/micro_ros_msgs/share/micro_ros_msgs/cmake/micro_ros_msgs__rosidl_typesupport_cppExport-noconfig.cmake
[8.502s] -- Installing: /home/rptech/AGX_Orin_Backup/rover_project/uros_ws/install/micro_ros_msgs/share/micro_ros_msgs/cmake/export_micro_ros_msgs__rosidl_generator_pyExport.cmake
[8.503s] -- Installing: /home/rptech/AGX_Orin_Backup/rover_project/uros_ws/install/micro_ros_msgs/share/micro_ros_msgs/cmake/export_micro_ros_msgs__rosidl_generator_pyExport-noconfig.cmake
[8.512s] Invoked command in '/home/rptech/AGX_Orin_Backup/rover_project/uros_ws/build/micro_ros_msgs' returned '0': CMAKE_PREFIX_PATH=${CMAKE_PREFIX_PATH}:/home/rptech/AGX_Orin_Backup/rover_project/ros2_ws/install/rover_description:/home/rptech/AGX_Orin_Backup/rover_project/ros2_ws/install/rover_core:/home/rptech/AGX_Orin_Backup/rover_project/ros2_ws/install/my_robot_bringup:/home/rptech/AGX_Orin_Backup/ros2_ws/install/my_robot_controller:/home/rptech/AGX_Orin_Backup/ros2_ws/install/my_robot_bringup:/opt/ros/humble /usr/bin/cmake --install /home/rptech/AGX_Orin_Backup/rover_project/uros_ws/build/micro_ros_msgs
